Log file open, 09/19/18 23:01:37
LogWindows: Failed to load 'aqProf.dll' (GetLastError=126)
LogWindows: File 'aqProf.dll' does not exist
LogWindows: Failed to load 'VtuneApi.dll' (GetLastError=126)
LogWindows: File 'VtuneApi.dll' does not exist
LogWindows: Failed to load 'VtuneApi32e.dll' (GetLastError=126)
LogWindows: File 'VtuneApi32e.dll' does not exist
LogInit: Display: Running engine for game: Barrel
LogPlatformFile: Not using cached read wrapper
LogInit: Display: RandInit(1473276128) SRandInit(1473276128).
LogInit: Read version file with build ID '3709383'
LogInit: Overriding engine version to CL 3832480, compatible CL 3709383
LogInit: Registered custom module enumerator with build ID '3709383'
LogTaskGraph: Started task graph with 5 named threads and 14 total threads with 3 sets of task threads.
LogStats: Stats thread started at 0.189913
LogD3D11RHI: Aftermath initialized
LogModuleManager: Display: Found up-to-date module file ../../../Engine/Plugins/Marketplace/LowEntryJson/Binaries/Win64/UE4Editor-LowEntryJson.dll (API version 3709383).
LogModuleManager: Display: Found up-to-date module file ../../../Engine/Plugins/Marketplace/LowEntryJson/Binaries/Win64/UE4Editor-LowEntryJsonEditor.dll (API version 3709383).
LogModuleManager: Display: Found up-to-date module file ../../../Engine/Plugins/2D/Paper2D/Binaries/Win64/UE4Editor-Paper2D.dll (API version 3709383).
LogModuleManager: Display: Found up-to-date module file ../../../Engine/Plugins/2D/Paper2D/Binaries/Win64/UE4Editor-Paper2DEditor.dll (API version 3709383).
LogModuleManager: Display: Found up-to-date module file ../../../Engine/Plugins/2D/Paper2D/Binaries/Win64/UE4Editor-PaperSpriteSheetImporter.dll (API version 3709383).
LogModuleManager: Display: Found up-to-date module file ../../../Engine/Plugins/2D/Paper2D/Binaries/Win64/UE4Editor-PaperTiledImporter.dll (API version 3709383).
LogModuleManager: Display: Found up-to-date module file ../../../Engine/Plugins/2D/Paper2D/Binaries/Win64/UE4Editor-SmartSnapping.dll (API version 3709383).
LogModuleManager: Display: Found up-to-date module file ../../../Engine/Plugins/Blendables/LightPropagationVolume/Binaries/Win64/UE4Editor-LightPropagationVolumeRuntime.dll (API version 3709383).
LogModuleManager: Display: Found up-to-date module file ../../../Engine/Plugins/Blendables/LightPropagationVolume/Binaries/Win64/UE4Editor-LightPropagationVolumeEditor.dll (API version 3709383).
LogModuleManager: Display: Found up-to-date module file ../../../Engine/Plugins/Developer/GitSourceControl/Binaries/Win64/UE4Editor-GitSourceControl.dll (API version 3709383).
LogModuleManager: Display: Found up-to-date module file ../../../Engine/Plugins/Developer/PerforceSourceControl/Binaries/Win64/UE4Editor-PerforceSourceControl.dll (API version 3709383).
LogModuleManager: Display: Found up-to-date module file ../../../Engine/Plugins/Developer/SubversionSourceControl/Binaries/Win64/UE4Editor-SubversionSourceControl.dll (API version 3709383).
LogModuleManager: Display: Found up-to-date module file ../../../Engine/Plugins/Developer/UObjectPlugin/Binaries/Win64/UE4Editor-UObjectPlugin.dll (API version 3709383).
LogModuleManager: Display: Found up-to-date module file ../../../Engine/Plugins/Developer/VisualStudioCodeSourceCodeAccess/Binaries/Win64/UE4Editor-VisualStudioCodeSourceCodeAccess.dll (API version 3709383).
LogModuleManager: Display: Found up-to-date module file ../../../Engine/Plugins/Developer/VisualStudioSourceCodeAccess/Binaries/Win64/UE4Editor-VisualStudioSourceCodeAccess.dll (API version 3709383).
LogModuleManager: Display: Found up-to-date module file ../../../Engine/Plugins/Editor/AssetManagerEditor/Binaries/Win64/UE4Editor-AssetManagerEditor.dll (API version 3709383).
LogModuleManager: Display: Found up-to-date module file ../../../Engine/Plugins/Editor/AudioCapture/Binaries/Win64/UE4Editor-AudioCapture.dll (API version 3709383).
LogModuleManager: Display: Found up-to-date module file ../../../Engine/Plugins/Editor/FacialAnimation/Binaries/Win64/UE4Editor-FacialAnimation.dll (API version 3709383).
LogModuleManager: Display: Found up-to-date module file ../../../Engine/Plugins/Editor/FacialAnimation/Binaries/Win64/UE4Editor-FacialAnimationEditor.dll (API version 3709383).
LogModuleManager: Display: Found up-to-date module file ../../../Engine/Plugins/Editor/GameplayTagsEditor/Binaries/Win64/UE4Editor-GameplayTagsEditor.dll (API version 3709383).
LogModuleManager: Display: Found up-to-date module file ../../../Engine/Plugins/Editor/MobileLauncherProfileWizard/Binaries/Win64/UE4Editor-MobileLauncherProfileWizard.dll (API version 3709383).
LogModuleManager: Display: Found up-to-date module file ../../../Engine/Plugins/Editor/PluginBrowser/Binaries/Win64/UE4Editor-PluginBrowser.dll (API version 3709383).
LogModuleManager: Display: Found up-to-date module file ../../../Engine/Plugins/Editor/SpeedTreeImporter/Binaries/Win64/UE4Editor-SpeedTreeImporter.dll (API version 3709383).
LogModuleManager: Display: Found up-to-date module file ../../../Engine/Plugins/Experimental/AlembicImporter/Binaries/Win64/UE4Editor-AlembicImporter.dll (API version 3709383).
LogModuleManager: Display: Found up-to-date module file ../../../Engine/Plugins/Experimental/AlembicImporter/Binaries/Win64/UE4Editor-AlembicLibrary.dll (API version 3709383).
LogModuleManager: Display: Found up-to-date module file ../../../Engine/Plugins/Experimental/CharacterAI/Binaries/Win64/UE4Editor-CharacterAI.dll (API version 3709383).
LogModuleManager: Display: Found up-to-date module file ../../../Engine/Plugins/Experimental/HTML5Networking/Binaries/Win64/UE4Editor-HTML5Networking.dll (API version 3709383).
LogModuleManager: Display: Found up-to-date module file ../../../Engine/Plugins/Media/AndroidMedia/Binaries/Win64/UE4Editor-AndroidMediaEditor.dll (API version 3709383).
LogModuleManager: Display: Found up-to-date module file ../../../Engine/Plugins/Media/AndroidMedia/Binaries/Win64/UE4Editor-AndroidMediaFactory.dll (API version 3709383).
LogModuleManager: Display: Found up-to-date module file ../../../Engine/Plugins/Media/AvfMedia/Binaries/Win64/UE4Editor-AvfMediaEditor.dll (API version 3709383).
LogModuleManager: Display: Found up-to-date module file ../../../Engine/Plugins/Media/AvfMedia/Binaries/Win64/UE4Editor-AvfMediaFactory.dll (API version 3709383).
LogModuleManager: Display: Found up-to-date module file ../../../Engine/Plugins/Media/AvfMedia/Binaries/Win64/UE4Editor-AvfMediaFactory.dll (API version 3709383).
LogModuleManager: Display: Found up-to-date module file ../../../Engine/Plugins/Media/ImgMedia/Binaries/Win64/UE4Editor-ImgMedia.dll (API version 3709383).
LogModuleManager: Display: Found up-to-date module file ../../../Engine/Plugins/Media/ImgMedia/Binaries/Win64/UE4Editor-ImgMediaEditor.dll (API version 3709383).
LogModuleManager: Display: Found up-to-date module file ../../../Engine/Plugins/Media/ImgMedia/Binaries/Win64/UE4Editor-ImgMediaFactory.dll (API version 3709383).
LogModuleManager: Display: Found up-to-date module file ../../../Engine/Plugins/Media/ImgMedia/Binaries/Win64/UE4Editor-ImgMediaFactory.dll (API version 3709383).
LogModuleManager: Display: Found up-to-date module file ../../../Engine/Plugins/Media/ImgMedia/Binaries/Win64/UE4Editor-OpenExrWrapper.dll (API version 3709383).
LogModuleManager: Display: Found up-to-date module file ../../../Engine/Plugins/Media/MediaCompositing/Binaries/Win64/UE4Editor-MediaCompositing.dll (API version 3709383).
LogModuleManager: Display: Found up-to-date module file ../../../Engine/Plugins/Media/MediaCompositing/Binaries/Win64/UE4Editor-MediaCompositingEditor.dll (API version 3709383).
LogModuleManager: Display: Found up-to-date module file ../../../Engine/Plugins/Media/MediaPlayerEditor/Binaries/Win64/UE4Editor-MediaPlayerEditor.dll (API version 3709383).
LogModuleManager: Display: Found up-to-date module file ../../../Engine/Plugins/Media/WmfMedia/Binaries/Win64/UE4Editor-WmfMedia.dll (API version 3709383).
LogModuleManager: Display: Found up-to-date module file ../../../Engine/Plugins/Media/WmfMedia/Binaries/Win64/UE4Editor-WmfMediaEditor.dll (API version 3709383).
LogModuleManager: Display: Found up-to-date module file ../../../Engine/Plugins/Media/WmfMedia/Binaries/Win64/UE4Editor-WmfMediaFactory.dll (API version 3709383).
LogModuleManager: Display: Found up-to-date module file ../../../Engine/Plugins/Media/WmfMedia/Binaries/Win64/UE4Editor-WmfMediaFactory.dll (API version 3709383).
LogModuleManager: Display: Found up-to-date module file ../../../Engine/Plugins/Messaging/TcpMessaging/Binaries/Win64/UE4Editor-TcpMessaging.dll (API version 3709383).
LogModuleManager: Display: Found up-to-date module file ../../../Engine/Plugins/Messaging/UdpMessaging/Binaries/Win64/UE4Editor-UdpMessaging.dll (API version 3709383).
LogModuleManager: Display: Found up-to-date module file ../../../Engine/Plugins/MovieScene/ActorSequence/Binaries/Win64/UE4Editor-ActorSequence.dll (API version 3709383).
LogModuleManager: Display: Found up-to-date module file ../../../Engine/Plugins/MovieScene/LevelSequenceEditor/Binaries/Win64/UE4Editor-LevelSequenceEditor.dll (API version 3709383).
LogModuleManager: Display: Found up-to-date module file ../../../Engine/Plugins/MovieScene/MatineeToLevelSequence/Binaries/Win64/UE4Editor-MatineeToLevelSequence.dll (API version 3709383).
LogModuleManager: Display: Found up-to-date module file ../../../Engine/Plugins/Online/OnlineSubsystem/Binaries/Win64/UE4Editor-OnlineSubsystem.dll (API version 3709383).
LogModuleManager: Display: Found up-to-date module file ../../../Engine/Plugins/Runtime/AndroidPermission/Binaries/Win64/UE4Editor-AndroidPermission.dll (API version 3709383).
LogModuleManager: Display: Found up-to-date module file ../../../Engine/Plugins/Online/OnlineSubsystemNull/Binaries/Win64/UE4Editor-OnlineSubsystemNull.dll (API version 3709383).
LogModuleManager: Display: Found up-to-date module file ../../../Engine/Plugins/Online/OnlineSubsystemUtils/Binaries/Win64/UE4Editor-OnlineSubsystemUtils.dll (API version 3709383).
LogModuleManager: Display: Found up-to-date module file ../../../Engine/Plugins/Online/OnlineSubsystemUtils/Binaries/Win64/UE4Editor-OnlineBlueprintSupport.dll (API version 3709383).
LogModuleManager: Display: Found up-to-date module file ../../../Engine/Plugins/Runtime/AndroidDeviceProfileSelector/Binaries/Win64/UE4Editor-AndroidDeviceProfileSelector.dll (API version 3709383).
LogModuleManager: Display: Found up-to-date module file ../../../Engine/Plugins/Runtime/AppleARKit/Binaries/Win64/UE4Editor-AppleARKit.dll (API version 3709383).
LogModuleManager: Display: Found up-to-date module file ../../../Engine/Plugins/Runtime/ArchVisCharacter/Binaries/Win64/UE4Editor-ArchVisCharacter.dll (API version 3709383).
LogModuleManager: Display: Found up-to-date module file ../../../Engine/Plugins/Runtime/CableComponent/Binaries/Win64/UE4Editor-CableComponent.dll (API version 3709383).
LogModuleManager: Display: Found up-to-date module file ../../../Engine/Plugins/Runtime/CustomMeshComponent/Binaries/Win64/UE4Editor-CustomMeshComponent.dll (API version 3709383).
LogModuleManager: Display: Found up-to-date module file ../../../Engine/Plugins/Runtime/ExampleDeviceProfileSelector/Binaries/Win64/UE4Editor-ExampleDeviceProfileSelector.dll (API version 3709383).
LogModuleManager: Display: Found up-to-date module file ../../../Engine/Plugins/Runtime/ImmediatePhysics/Binaries/Win64/UE4Editor-ImmediatePhysics.dll (API version 3709383).
LogModuleManager: Display: Found up-to-date module file ../../../Engine/Plugins/Runtime/ImmediatePhysics/Binaries/Win64/UE4Editor-ImmediatePhysicsEditor.dll (API version 3709383).
LogModuleManager: Display: Found up-to-date module file ../../../Engine/Plugins/Runtime/LocationServicesBPLibrary/Binaries/Win64/UE4Editor-LocationServicesBPLibrary.dll (API version 3709383).
LogModuleManager: Display: Found up-to-date module file ../../../Engine/Plugins/Runtime/MobilePatchingUtils/Binaries/Win64/UE4Editor-MobilePatchingUtils.dll (API version 3709383).
LogModuleManager: Display: Found up-to-date module file ../../../Engine/Plugins/Runtime/Oculus/OculusVR/Binaries/Win64/UE4Editor-OculusHMD.dll (API version 3709383).
LogModuleManager: Display: Found up-to-date module file ../../../Engine/Plugins/Runtime/Oculus/OculusVR/Binaries/Win64/UE4Editor-OculusInput.dll (API version 3709383).
LogModuleManager: Display: Found up-to-date module file ../../../Engine/Plugins/Runtime/Oculus/OculusVR/Binaries/Win64/UE4Editor-OculusEditor.dll (API version 3709383).
LogModuleManager: Display: Found up-to-date module file ../../../Engine/Plugins/Runtime/PhysXVehicles/Binaries/Win64/UE4Editor-PhysXVehicles.dll (API version 3709383).
LogModuleManager: Display: Found up-to-date module file ../../../Engine/Plugins/Runtime/PhysXVehicles/Binaries/Win64/UE4Editor-PhysXVehiclesEditor.dll (API version 3709383).
LogModuleManager: Display: Found up-to-date module file ../../../Engine/Plugins/Runtime/ProceduralMeshComponent/Binaries/Win64/UE4Editor-ProceduralMeshComponent.dll (API version 3709383).
LogModuleManager: Display: Found up-to-date module file ../../../Engine/Plugins/Runtime/ProceduralMeshComponent/Binaries/Win64/UE4Editor-ProceduralMeshComponentEditor.dll (API version 3709383).
LogModuleManager: Display: Found up-to-date module file ../../../Engine/Plugins/Runtime/RuntimePhysXCooking/Binaries/Win64/UE4Editor-RuntimePhysXCooking.dll (API version 3709383).
LogModuleManager: Display: Found up-to-date module file ../../../Engine/Plugins/Runtime/Steam/SteamVR/Binaries/Win64/UE4Editor-SteamVR.dll (API version 3709383).
LogModuleManager: Display: Found up-to-date module file ../../../Engine/Plugins/Runtime/Steam/SteamVR/Binaries/Win64/UE4Editor-SteamVRController.dll (API version 3709383).
LogModuleManager: Display: Found up-to-date module file ../../../Engine/Plugins/Runtime/WindowsMoviePlayer/Binaries/Win64/UE4Editor-WindowsMoviePlayer.dll (API version 3709383).
LogPluginManager: Mounting plugin Paper2D
LogPluginManager: Mounting plugin LightPropagationVolume
LogPluginManager: Mounting plugin CodeLiteSourceCodeAccess
LogPluginManager: Mounting plugin GitSourceControl
LogPluginManager: Mounting plugin KDevelopSourceCodeAccess
LogPluginManager: Mounting plugin NullSourceCodeAccess
LogPluginManager: Mounting plugin PerforceSourceControl
LogPluginManager: Mounting plugin SubversionSourceControl
LogPluginManager: Mounting plugin UObjectPlugin
LogPluginManager: Mounting plugin VisualStudioCodeSourceCodeAccess
LogPluginManager: Mounting plugin VisualStudioSourceCodeAccess
LogPluginManager: Mounting plugin XCodeSourceCodeAccess
LogPluginManager: Mounting plugin AssetManagerEditor
LogPluginManager: Mounting plugin AudioCapture
LogPluginManager: Mounting plugin FacialAnimation
LogPluginManager: Mounting plugin GameplayTagsEditor
LogPluginManager: Mounting plugin MobileLauncherProfileWizard
LogPluginManager: Mounting plugin PluginBrowser
LogPluginManager: Mounting plugin SpeedTreeImporter
LogPluginManager: Mounting plugin AlembicImporter
LogPluginManager: Mounting plugin CharacterAI
LogPluginManager: Mounting plugin HTML5Networking
LogPluginManager: Mounting plugin LowEntryJson
LogPluginManager: Mounting plugin AndroidMedia
LogPluginManager: Mounting plugin AvfMedia
LogPluginManager: Mounting plugin ImgMedia
LogPluginManager: Mounting plugin MediaCompositing
LogPluginManager: Mounting plugin MediaPlayerEditor
LogPluginManager: Mounting plugin WmfMedia
LogPluginManager: Mounting plugin TcpMessaging
LogPluginManager: Mounting plugin UdpMessaging
LogPluginManager: Mounting plugin ActorSequence
LogPluginManager: Mounting plugin LevelSequenceEditor
LogPluginManager: Mounting plugin MatineeToLevelSequence
LogPluginManager: Mounting plugin OnlineSubsystemGooglePlay
LogPluginManager: Mounting plugin OnlineSubsystemIOS
LogPluginManager: Mounting plugin OnlineSubsystem
LogPluginManager: Mounting plugin OnlineSubsystemNull
LogPluginManager: Mounting plugin OnlineSubsystemUtils
LogPluginManager: Mounting plugin AndroidDeviceProfileSelector
LogPluginManager: Mounting plugin AndroidMoviePlayer
LogPluginManager: Mounting plugin AndroidPermission
LogPluginManager: Mounting plugin AppleARKit
LogPluginManager: Mounting plugin AppleMoviePlayer
LogPluginManager: Mounting plugin ArchVisCharacter
LogPluginManager: Mounting plugin CableComponent
LogPluginManager: Mounting plugin CustomMeshComponent
LogPluginManager: Mounting plugin ExampleDeviceProfileSelector
LogPluginManager: Mounting plugin GoogleCloudMessaging
LogPluginManager: Mounting plugin ImmediatePhysics
LogPluginManager: Mounting plugin IOSDeviceProfileSelector
LogPluginManager: Mounting plugin LinuxDeviceProfileSelector
LogPluginManager: Mounting plugin LocationServicesBPLibrary
LogPluginManager: Mounting plugin MobilePatchingUtils
LogPluginManager: Mounting plugin OculusVR
LogPluginManager: Plugin shader directory ../../../Engine/Plugins/Runtime/Oculus/OculusVR/Shaders found
LogPluginManager: Mapping shader source directory ../../../Engine/Plugins/Runtime/Oculus/OculusVR/Shaders to virtual directory /Plugin/OculusVR
LogPluginManager: Mounting plugin PhysXVehicles
LogPluginManager: Mounting plugin ProceduralMeshComponent
LogPluginManager: Mounting plugin RuntimePhysXCooking
LogPluginManager: Mounting plugin SteamVR
LogPluginManager: Mounting plugin WindowsMoviePlayer
LogInit: Using libcurl 7.47.1
LogInit:  - built for x86_64-pc-win32
LogInit:  - supports SSL with OpenSSL/1.0.2g
LogInit:  - supports HTTP deflate (compression) using libz 1.2.8
LogInit:  - other features:
LogInit:      CURL_VERSION_SSL
LogInit:      CURL_VERSION_LIBZ
LogInit:      CURL_VERSION_IPV6
LogInit:      CURL_VERSION_ASYNCHDNS
LogInit:      CURL_VERSION_LARGEFILE
LogInit:      CURL_VERSION_IDN
LogInit:  CurlRequestOptions (configurable via config and command line):
LogInit:  - bVerifyPeer = false  - Libcurl will NOT verify peer certificate
LogInit:  - bUseHttpProxy = false  - Libcurl will NOT use HTTP proxy
LogInit:  - bDontReuseConnections = false  - Libcurl will reuse connections
LogInit:  - CertBundlePath = nullptr  - Libcurl will use whatever was configured at build time.
LogInit: Build: ++UE4+Release-4.18-CL-3832480
LogInit: Engine Version: 4.18.3-3832480+++UE4+Release-4.18
LogInit: Compatible Engine Version: 4.18.0-3709383+++UE4+Release-4.18
LogInit: Net CL: 3709383
LogDevObjectVersion: Number of dev versions registered: 16
LogDevObjectVersion:   Dev-Blueprints (B0D832E4-1F89-4F0D-ACCF-7EB736FD4AA2): 10
LogDevObjectVersion:   Dev-Build (E1C64328-A22C-4D53-A36C-8E866417BD8C): 0
LogDevObjectVersion:   Dev-Core (375EC13C-06E4-48FB-B500-84F0262A717E): 2
LogDevObjectVersion:   Dev-Editor (E4B068ED-F494-42E9-A231-DA0B2E46BB41): 20
LogDevObjectVersion:   Dev-Framework (CFFC743F-43B0-4480-9391-14DF171D2073): 30
LogDevObjectVersion:   Dev-Mobile (B02B49B5-BB20-44E9-A304-32B752E40360): 0
LogDevObjectVersion:   Dev-Networking (A4E4105C-59A1-49B5-A7C5-40C4547EDFEE): 0
LogDevObjectVersion:   Dev-Online (39C831C9-5AE6-47DC-9A44-9C173E1C8E7C): 0
LogDevObjectVersion:   Dev-Physics (78F01B33-EBEA-4F98-B9B4-84EACCB95AA2): 0
LogDevObjectVersion:   Dev-Platform (6631380F-2D4D-43E0-8009-CF276956A95A): 0
LogDevObjectVersion:   Dev-Rendering (12F88B9F-8875-4AFC-A67C-D90C383ABD29): 20
LogDevObjectVersion:   Dev-Sequencer (7B5AE74C-D270-4C10-A958-57980B212A5A): 4
LogDevObjectVersion:   Dev-VR (D7296918-1DD6-4BDD-9DE2-64A83CC13884): 0
LogDevObjectVersion:   Dev-LoadTimes (C2A15278-BFE7-4AFE-6C17-90FF531DF755): 1
LogDevObjectVersion:   Private-Geometry (6EACA3D4-40EC-4CC1-B786-8BED09428FC5): 1
LogDevObjectVersion:   Dev-AnimPhys (29E575DD-E0A3-4627-9D10-D276232CDCEA): 12
LogInit: Compiled (64-bit): Jan 12 2018 02:04:55
LogInit: Compiled with Visual C++: 19.00.24215.01
LogInit: Build Configuration: Development
LogInit: Branch Name: ++UE4+Release-4.18
LogInit: Command line: -EpicPortal 
LogInit: Base directory: C:/Program Files/Epic Games/UE_4.18/Engine/Binaries/Win64/
LogInit: Installed Engine Build: 1
LogInit: Presizing for max 8388607 objects, including 0 objects not considered by GC, pre-allocating 0 bytes for permanent pool.
LogInit: Object subsystem initialized
[2018.09.20-03.01.39:919][  0]LogInit: Selected Device Profile: [Windows]
[2018.09.20-03.01.39:919][  0]LogInit: Applying CVar settings loaded from the selected device profile: [Windows]
[2018.09.20-03.01.39:929][  0]LogInit: Computer: AVATAR
[2018.09.20-03.01.39:929][  0]LogInit: User: Brian
[2018.09.20-03.01.39:929][  0]LogInit: CPU Page size=4096, Cores=4
[2018.09.20-03.01.39:929][  0]LogInit: High frequency timer resolution =3.125001 MHz
[2018.09.20-03.01.39:929][  0]LogMemory: Memory total: Physical=7.9GB (8GB approx)
[2018.09.20-03.01.39:929][  0]LogMemory: Platform Memory Stats for Windows
[2018.09.20-03.01.39:929][  0]LogMemory: Process Physical Memory: 272.14 MB used, 272.14 MB peak
[2018.09.20-03.01.39:929][  0]LogMemory: Process Virtual Memory: 263.86 MB used, 263.86 MB peak
[2018.09.20-03.01.39:929][  0]LogMemory: Physical Memory: 5832.71 MB used,  2294.60 MB free, 8127.31 MB total
[2018.09.20-03.01.39:929][  0]LogMemory: Virtual Memory: 4759.13 MB used,  2294.60 MB free, 134217728.00 MB total
[2018.09.20-03.01.40:140][  0]LogInit: Using OS detected language (en-US).
[2018.09.20-03.01.40:140][  0]LogInit: Using OS detected locale (en-US).
[2018.09.20-03.01.40:144][  0]LogTextLocalizationManager: No specific localization for 'en-US' exists, so the 'en' localization will be used.
[2018.09.20-03.01.40:609][  0]LogInit: Setting process to per monitor DPI aware
[2018.09.20-03.01.40:925][  0]LogD3D11RHI: D3D11 adapters:
[2018.09.20-03.01.40:985][  0]LogD3D11RHI:    0. 'NVIDIA GeForce GTX 760' (Feature Level 11_0)
[2018.09.20-03.01.40:985][  0]LogD3D11RHI:       2017/0/4063 MB DedicatedVideo/DedicatedSystem/SharedSystem, Outputs:1, VendorId:0x10de
[2018.09.20-03.01.40:988][  0]LogD3D11RHI:    1. 'Microsoft Basic Render Driver' (Feature Level 11_0)
[2018.09.20-03.01.40:988][  0]LogD3D11RHI:       0/0/4063 MB DedicatedVideo/DedicatedSystem/SharedSystem, Outputs:0, VendorId:0x1414
[2018.09.20-03.01.40:988][  0]LogD3D11RHI: Chosen D3D11 Adapter: 0
[2018.09.20-03.01.40:998][  0]LogD3D11RHI: Creating new Direct3DDevice
[2018.09.20-03.01.40:998][  0]LogD3D11RHI:     GPU DeviceId: 0x1187 (for the marketing name, search the web for "GPU Device Id")
[2018.09.20-03.01.40:998][  0]LogWindows: EnumDisplayDevices:
[2018.09.20-03.01.40:998][  0]LogWindows:    0. 'NVIDIA GeForce GTX 760' (P:1 D:1)
[2018.09.20-03.01.40:999][  0]LogWindows:    1. 'NVIDIA GeForce GTX 760' (P:0 D:0)
[2018.09.20-03.01.41:000][  0]LogWindows:    2. 'NVIDIA GeForce GTX 760' (P:0 D:0)
[2018.09.20-03.01.41:000][  0]LogWindows:    3. 'NVIDIA GeForce GTX 760' (P:0 D:0)
[2018.09.20-03.01.41:000][  0]LogWindows: DebugString: GetVideoDriverDetailsInvalid PrimaryIsNotTheChoosenAdapter GetVideoDriverDetailsInvalid PrimaryIsNotTheChoosenAdapter GetVideoDriverDetailsInvalid PrimaryIsNotTheChoosenAdapter GetVideoDriverDetailsInvalid PrimaryIsNotTheChoosenAdapter FoundDriverCount:0 
[2018.09.20-03.01.41:000][  0]LogD3D11RHI:     Adapter Name: NVIDIA GeForce GTX 760
[2018.09.20-03.01.41:000][  0]LogD3D11RHI:   Driver Version: Unknown (internal:Unknown, unified:Unknown)
[2018.09.20-03.01.41:000][  0]LogD3D11RHI:      Driver Date: Unknown
[2018.09.20-03.01.41:000][  0]LogRHI: Texture pool is 1412 MB (70% of 2017 MB)
[2018.09.20-03.01.41:040][  0]LogD3D11RHI: Async texture creation enabled
[2018.09.20-03.01.41:318][  0]LogD3D11RHI: GPU Timing Frequency: 1000.000000 (Debug: 2 1)
[2018.09.20-03.01.41:320][  0]LogShaderCompilers: Guid format shader working directory is -22 characters bigger than the processId version (../../../../../../Users/Brian/Documents/Unreal Projects/Barrel 4.18/Intermediate/Shaders/WorkingDirectory/15916/).
[2018.09.20-03.01.41:320][  0]LogShaderCompilers: Cleaned the shader compiler working directory 'C:/Users/Brian/AppData/Local/Temp/UnrealShaderWorkingDir/B39454C3422F7D317B31728DF4DB7BBB/'.
[2018.09.20-03.01.41:320][  0]LogShaderCompilers: Display: Using Local Shader Compiler.
[2018.09.20-03.01.42:546][  0]LogTemp: Display: Loaded TP AllDesktopTargetPlatform
[2018.09.20-03.01.42:615][  0]LogTemp: Display: Loaded TP MacClientTargetPlatform
[2018.09.20-03.01.42:683][  0]LogTemp: Display: Loaded TP MacNoEditorTargetPlatform
[2018.09.20-03.01.42:752][  0]LogTemp: Display: Loaded TP MacServerTargetPlatform
[2018.09.20-03.01.42:855][  0]LogTemp: Display: Loaded TP MacTargetPlatform
[2018.09.20-03.01.42:923][  0]LogTemp: Display: Loaded TP WindowsClientTargetPlatform
[2018.09.20-03.01.43:006][  0]LogTemp: Display: Loaded TP WindowsNoEditorTargetPlatform
[2018.09.20-03.01.43:085][  0]LogTemp: Display: Loaded TP WindowsServerTargetPlatform
[2018.09.20-03.01.43:153][  0]LogTemp: Display: Loaded TP WindowsTargetPlatform
[2018.09.20-03.01.43:226][  0]LogTemp: Display: Loaded TP Android_ASTCTargetPlatform
[2018.09.20-03.01.43:297][  0]LogTemp: Display: Loaded TP Android_ATCTargetPlatform
[2018.09.20-03.01.43:368][  0]LogTemp: Display: Loaded TP Android_DXTTargetPlatform
[2018.09.20-03.01.43:437][  0]LogTemp: Display: Loaded TP Android_ETC1TargetPlatform
[2018.09.20-03.01.43:509][  0]LogTemp: Display: Loaded TP Android_ETC2TargetPlatform
[2018.09.20-03.01.43:656][  0]LogTemp: Display: Loaded TP Android_MultiTargetPlatform
[2018.09.20-03.01.43:656][  0]LogTemp: Display: Loaded TP Android_PVRTCTargetPlatform
[2018.09.20-03.01.43:725][  0]LogTemp: Display: Loaded TP AndroidTargetPlatform
[2018.09.20-03.01.43:784][  0]LogTemp: Display: Loaded TP HTML5TargetPlatform
[2018.09.20-03.01.43:902][  0]LogTemp: Display: Loaded TP IOSTargetPlatform
[2018.09.20-03.01.43:936][  0]LogTemp: Display: Loaded TP TVOSTargetPlatform
[2018.09.20-03.01.44:007][  0]LogTemp: Display: Loaded TP LinuxClientTargetPlatform
[2018.09.20-03.01.44:077][  0]LogTemp: Display: Loaded TP LinuxNoEditorTargetPlatform
[2018.09.20-03.01.44:146][  0]LogTemp: Display: Loaded TP LinuxServerTargetPlatform
[2018.09.20-03.01.44:219][  0]LogTemp: Display: Loaded TP LinuxTargetPlatform
[2018.09.20-03.01.44:219][  0]LogTargetPlatformManager: Display: Building Assets For Windows
[2018.09.20-03.01.45:015][  0]LogDerivedDataCache: Display: Max Cache Size: 512 MB
[2018.09.20-03.01.45:130][  0]LogDerivedDataCache: Loaded boot cache 0.11s 78MB C:/Users/Brian/AppData/Local/UnrealEngine/4.18/DerivedDataCache/Boot.ddc.
[2018.09.20-03.01.45:130][  0]LogDerivedDataCache: Display: Loaded Boot cache: C:/Users/Brian/AppData/Local/UnrealEngine/4.18/DerivedDataCache/Boot.ddc
[2018.09.20-03.01.45:130][  0]LogDerivedDataCache: FDerivedDataBackendGraph:  Pak pak cache file ../../../../../../Users/Brian/Documents/Unreal Projects/Barrel 4.18/DerivedDataCache/DDC.ddp not found, will not use a pak cache.
[2018.09.20-03.01.45:130][  0]LogDerivedDataCache: Unable to find inner node Pak for hierarchical cache Hierarchy.
[2018.09.20-03.01.45:130][  0]LogDerivedDataCache: FDerivedDataBackendGraph:  CompressedPak pak cache file ../../../../../../Users/Brian/Documents/Unreal Projects/Barrel 4.18/DerivedDataCache/Compressed.ddp not found, will not use a pak cache.
[2018.09.20-03.01.45:130][  0]LogDerivedDataCache: Unable to find inner node CompressedPak for hierarchical cache Hierarchy.
[2018.09.20-03.01.45:147][  0]LogDerivedDataCache: Display: Pak cache opened for reading ../../../Engine/DerivedDataCache/Compressed.ddp.
[2018.09.20-03.01.45:160][  0]LogDerivedDataCache: Using Local data cache path C:/Users/Brian/AppData/Local/UnrealEngine/Common/DerivedDataCache: Writable
[2018.09.20-03.01.45:171][  0]LogMaterial: Verifying Global Shaders for PCD3D_SM5
[2018.09.20-03.01.45:171][  0]LogSlate: Using Freetype 2.6.0
[2018.09.20-03.01.45:172][  0]LogSlate: SlateFontCache - WITH_FREETYPE: 1, WITH_HARFBUZZ: 1
[2018.09.20-03.01.45:173][  0]LogSlate: SlateFontCache - WITH_FREETYPE: 1, WITH_HARFBUZZ: 1
[2018.09.20-03.01.45:673][  0]LogInit: Selected Device Profile: [Windows]
[2018.09.20-03.01.46:700][  0]LogSimplygon: Simplygon DLL not present - disabling.
[2018.09.20-03.01.46:777][  0]LogMeshReduction: Using SimplygonSwarm for distributed automatic mesh merging
[2018.09.20-03.01.46:777][  0]LogMeshReduction: Using QuadricMeshReduction for automatic static mesh reduction
[2018.09.20-03.01.46:777][  0]LogMeshReduction: No automatic skeletal mesh reduction module available
[2018.09.20-03.01.46:777][  0]LogMeshReduction: No automatic mesh merging module available
[2018.09.20-03.01.46:777][  0]LogMeshMerging: No automatic mesh merging module available
[2018.09.20-03.01.46:818][  0]LogNetVersion: Barrel , NetCL: 3709383, EngineNetVer: 2, GameNetVer: 0 (Checksum: 146131937)
[2018.09.20-03.01.47:159][  0]LogAssetRegistry: FAssetRegistry took 0.0273 seconds to start up
[2018.09.20-03.01.47:954][  0]LogPackageLocalizationCache: Processed 8 localized package path(s) for 2 prioritized culture(s) in 0.151644 seconds
[2018.09.20-03.01.47:961][  0]LogUObjectArray: 35870 objects as part of root set at end of initial load.
[2018.09.20-03.01.47:961][  0]LogUObjectAllocator: 7363704 out of 0 bytes used by permanent object pool.
[2018.09.20-03.01.47:961][  0]LogUObjectArray: CloseDisregardForGC: 0/0 objects in disregard for GC pool
[2018.09.20-03.01.48:032][  0]LogInit: WinSock: version 1.1 (2.2), MaxSocks=32767, MaxUdp=65467
[2018.09.20-03.01.52:049][  0]LogTcpMessaging: Initializing TcpMessaging bridge
[2018.09.20-03.01.52:117][  0]LogUdpMessaging: Initializing bridge on interface 0.0.0.0:0 to multicast group 230.0.0.1:6666.
[2018.09.20-03.01.53:116][  0]LogMaterial: Uniform references updated for custom material expression Custom.
[2018.09.20-03.01.53:726][  0]SourceControl: Source control is disabled
[2018.09.20-03.01.53:726][  0]SourceControl: Source control is disabled
[2018.09.20-03.01.53:810][  0]SourceControl: Source control is disabled
[2018.09.20-03.01.53:892][  0]SourceControl: Source control is disabled
[2018.09.20-03.01.55:591][  0]LogAndroidPermission: UAndroidPermissionCallbackProxy::GetInstance
[2018.09.20-03.01.56:002][  0]LogOcInput: OculusInput pre-init called
[2018.09.20-03.01.56:411][  0]LogEngine: Initializing Engine...
[2018.09.20-03.01.56:419][  0]LogHMD: Failed to initialize OpenVR with code 105
[2018.09.20-03.01.56:673][  0]LogStats: UGameplayTagsManager::ConstructGameplayTagTree: Construct from data asset -  0.000 s
[2018.09.20-03.01.56:684][  0]LogStats: UGameplayTagsManager::ConstructGameplayTagTree: GameplayTagTreeChangedEvent.Broadcast -  0.000 s
[2018.09.20-03.01.56:879][  0]LogAIModule: Creating AISystem for world Untitled
[2018.09.20-03.01.56:887][  0]LogInit: XAudio2 using 'Speakers (Realtek High Definition Audio)' : 2 channels at 48 kHz using 32 bits per sample (channel mask 0x3)
[2018.09.20-03.01.56:914][  0]LogInit: FAudioDevice initialized.
[2018.09.20-03.01.57:637][  0]LogDerivedDataCache: Saved boot cache 0.72s 78MB C:/Users/Brian/AppData/Local/UnrealEngine/4.18/DerivedDataCache/Boot.ddc.
[2018.09.20-03.01.57:659][  0]LogInit: Texture streaming: Enabled
[2018.09.20-03.01.57:797][  0]LogEngineSessionManager: EngineSessionManager initialized
[2018.09.20-03.01.58:043][  0]LogInit: Transaction tracking system initialized
[2018.09.20-03.01.58:497][  0]BlueprintLog: New page: Editor Load
[2018.09.20-03.01.59:818][  0]LocalizationService: Localization service is disabled
[2018.09.20-03.02.02:713][  0]LogConsoleResponse: Display: 
[2018.09.20-03.02.03:456][  0]LogFileCache: Scanning file cache for directory 'C:/Users/Brian/Documents/Unreal Projects/Barrel 4.18/Content/' took 0.02s
[2018.09.20-03.02.03:456][  0]LogCook: Display: Max memory allowance for cook 16384mb min free memory 0mb
[2018.09.20-03.02.03:456][  0]LogCook: Display: Mobile HDR setting 1
[2018.09.20-03.02.03:456][  0]LogGameplayTags: Display: UGameplayTagsManager::DoneAddingNativeTags. DelegateIsBound: 0
[2018.09.20-03.02.05:444][  0]SourceControl: Source control is disabled
[2018.09.20-03.02.05:444][  0]Cmd: MAP LOAD FILE="../../../../../../Users/Brian/Documents/Unreal Projects/Barrel 4.18/Content/FirstPersonBP/Maps/FirstPersonExampleMap.umap" TEMPLATE=0 SHOWPROGRESS=1 FEATURELEVEL=3
[2018.09.20-03.02.05:445][  0]LightingResults: New page: Lighting Build
[2018.09.20-03.02.05:515][  0]MapCheck: New page: Map Check
[2018.09.20-03.02.05:515][  0]LightingResults: New page: Lighting Build
[2018.09.20-03.02.11:678][  0]LogTexture: Display: Building textures: Barrel_ID (AutoDXT, 1024X1024)
[2018.09.20-03.02.11:678][  0]LogTexture: Display: Building textures: Barrel_Norm2 (BC5, 1024X1024)
[2018.09.20-03.02.11:678][  0]LogTexture: Display: Building textures: Barrel02_Norm (BC5, 1024X1024)
[2018.09.20-03.02.11:678][  0]LogTexture: Display: Building textures: barrel_AO_RGH_MTL_b (AutoDXT, 1024X1024)
[2018.09.20-03.02.11:678][  0]LogTexture: Display: Building textures: Barrel02_diff2 (AutoDXT, 1024X1024)
[2018.09.20-03.02.11:678][  0]LogTexture: Display: Building textures: barrel02_AO_MTL_RGH (AutoDXT, 1024X1024)
[2018.09.20-03.02.11:893][  0]LogMaterial: Missing cached shader map for material BarrelM2, compiling. 
[2018.09.20-03.02.13:509][  0]LogTexture: Display: Building textures: FirstPersonCrosshair (AutoDXT, 16X16)
[2018.09.20-03.02.13:509][  0]LogTexture: Display: Building textures: Barrel_Norm2b (AutoDXT, 1024X1024)
[2018.09.20-03.02.13:509][  0]LogTexture: Display: Building textures: Barrel_D (AutoDXT, 1024X1024)
[2018.09.20-03.02.13:509][  0]LogTexture: Display: Building textures: barrel_AO_RGH_MTL (AutoDXT, 1024X1024)
[2018.09.20-03.02.13:511][  0]LogMaterial: Missing cached shader map for material Barrel02NOAO, compiling. 
[2018.09.20-03.02.13:536][  0]LogMaterial: Missing cached shader map for material Barrel02, compiling. 
[2018.09.20-03.02.13:887][  0]LogMaterial: Missing cached shader map for material BarrelM, compiling. 
[2018.09.20-03.02.13:912][  0]LogStaticMesh: Building static mesh barrel...
[2018.09.20-03.02.14:420][  0]LogStaticMesh: Built static mesh [0.51s] /Game/Geometry/barrel.barrel
[2018.09.20-03.02.15:256][  0]LogAnimationCompression: Building Anim DDC data for AnimSequence /Game/FirstPerson/Animations/FirstPerson_JumpEnd.FirstPerson_JumpEnd
[2018.09.20-03.02.15:396][  0]LogAnimationCompression: Recompressing (AnimSequence /Game/FirstPerson/Animations/FirstPerson_JumpEnd.FirstPerson_JumpEnd) using current/default (AnimCompress_RemoveLinearKeys_3) bFirstRecompressUsingCurrentOrDefault(1) bTryAlternateCompressor(0) IsCompressedDataValid(0)
[2018.09.20-03.02.16:872][  0]LogAIModule: Creating AISystem for world FirstPersonExampleMap
[2018.09.20-03.02.19:106][  0]LogEditorServer: Finished looking for orphan Actors (0.000 secs)
[2018.09.20-03.02.19:214][  0]Cmd: MAP CHECKDEP NOCLEARLOG
[2018.09.20-03.02.19:328][  0]MapCheck: Map check complete: 0 Error(s), 0 Warning(s), took 113.392ms to complete.
[2018.09.20-03.02.19:328][  0]LogFileHelpers: Loading map 'FirstPersonExampleMap' took 13.883
[2018.09.20-03.02.27:161][  0]LogCollectionManager: Loaded 0 collections in 0.002932 seconds
[2018.09.20-03.02.28:888][  0]LogFileCache: Scanning file cache for directory 'C:/Users/Brian/Documents/Unreal Projects/Barrel 4.18/Saved/Collections/' took 0.01s
[2018.09.20-03.02.28:888][  0]LogFileCache: Scanning file cache for directory 'C:/Users/Brian/Documents/Unreal Projects/Barrel 4.18/Content/Developers/Brian/Collections/' took 0.01s
[2018.09.20-03.02.28:888][  0]LogFileCache: Scanning file cache for directory 'C:/Users/Brian/Documents/Unreal Projects/Barrel 4.18/Content/Collections/' took 0.01s
[2018.09.20-03.02.28:888][  0]LogCollectionManager: Rebuilt the GUID cache for 0 collections in 0.000001 seconds
[2018.09.20-03.02.29:143][  0]LogContentBrowser: Native class hierarchy populated in 0.0740 seconds. Added 2374 classes and 526 folders.
[2018.09.20-03.02.29:540][  0]LogContentBrowser: Native class hierarchy updated for 'WidgetCarousel' in 0.0003 seconds. Added 0 classes and 0 folders.
[2018.09.20-03.02.31:030][  0]LogContentBrowser: Native class hierarchy updated for 'AddContentDialog' in 0.0004 seconds. Added 0 classes and 0 folders.
[2018.09.20-03.02.31:209][  0]LogContentBrowser: Native class hierarchy updated for 'SceneOutliner' in 0.0003 seconds. Added 1 classes and 2 folders.
[2018.09.20-03.02.32:477][  0]LogSlate: Took 0.000375 seconds to synchronously load lazily loaded font '../../../Engine/Content/Slate/Fonts/Roboto-Regular.ttf' (155K)
[2018.09.20-03.02.32:506][  0]LogSlate: Took 0.000356 seconds to synchronously load lazily loaded font '../../../Engine/Content/Slate/Fonts/Roboto-Bold.ttf' (160K)
[2018.09.20-03.02.33:128][  0]LogSlate: Took 0.087832 seconds to synchronously load lazily loaded font '../../../Engine/Content/Editor/Slate/Fonts/FontAwesome.ttf' (139K)
[2018.09.20-03.02.34:743][  0]LogRenderer: Reallocating scene render targets to support 1052x560 Format 9 NumSamples 1 (Frame:1).
[2018.09.20-03.02.35:960][  0]LogContentBrowser: Native class hierarchy updated for 'HierarchicalLODOutliner' in 0.0003 seconds. Added 1 classes and 2 folders.
[2018.09.20-03.02.35:960][  0]LogLoad: (Engine Initialization) Total time: 60.24 seconds
[2018.09.20-03.02.35:960][  0]LogLoad: (Engine Initialization) Total Blueprint compile time: 0.00 seconds
[2018.09.20-03.02.35:961][  0]LogExternalProfiler: Found external profiler: VSPerf
[2018.09.20-03.02.35:961][  0]LogExternalProfiler: Using external profiler: VSPerf
[2018.09.20-03.02.36:513][  0]LogContentStreaming: Texture pool size now 800 MB
[2018.09.20-03.02.36:569][  0]LogSlate: Took 0.000258 seconds to synchronously load lazily loaded font '../../../Engine/Content/Slate/Fonts/Roboto-Light.ttf' (159K)
[2018.09.20-03.02.36:661][  1]LogAssetRegistry: Asset discovery search completed in 49.5235 seconds
[2018.09.20-03.02.36:662][  1]LogCollectionManager: Rebuilt the object cache for 0 collections in 0.000000 seconds (found 0 objects)
[2018.09.20-03.02.36:662][  1]LogCollectionManager: Fixed up redirectors for 0 collections in 0.000057 seconds (updated 0 objects)
[2018.09.20-03.02.55:785][644]LogSlate: Took 0.000198 seconds to synchronously load lazily loaded font '../../../Engine/Content/Slate/Fonts/Roboto-Light.ttf' (159K)
[2018.09.20-03.03.05:562][516]LogSlate: Took 0.000171 seconds to synchronously load lazily loaded font '../../../Engine/Content/Slate/Fonts/Roboto-Regular.ttf' (155K)
[2018.09.20-03.03.05:827][516]LogContentBrowser: Native class hierarchy updated for 'BlueprintGraph' in 0.0006 seconds. Added 116 classes and 0 folders.
[2018.09.20-03.03.07:941][517]LogRenderer: Reallocating scene render targets to support 1052x620 Format 9 NumSamples 1 (Frame:1).
[2018.09.20-03.03.10:884][735]LogSlate: Took 0.016257 seconds to synchronously load lazily loaded font '../../../Engine/Content/Editor/Slate/Fonts/Roboto-Italic.ttf' (157K)
[2018.09.20-03.03.15:881][118]LogMaterial: Missing cached shader map for material BasicShapeMaterial, compiling. 
[2018.09.20-03.03.37:337][294]BlueprintLog: New page: Compile BP_Platform1
[2018.09.20-03.03.38:623][328]LogSavePackage: Save=46.27ms
[2018.09.20-03.03.38:623][328]LogSavePackage: Moving '../../../../../../Users/Brian/Documents/Unreal Projects/Barrel 4.18/Saved/BP_Platform189AFCDF0493CA252FF91838E5FD432CA.tmp' to '../../../../../../Users/Brian/Documents/Unreal Projects/Barrel 4.18/Content/FirstPersonBP/Blueprints/BP_Platform1.uasset'
[2018.09.20-03.03.38:630][328]LogSavePackage: Display: Finished SavePackage ../../../../../../Users/Brian/Documents/Unreal Projects/Barrel 4.18/Content/FirstPersonBP/Blueprints/BP_Platform1.uasset
[2018.09.20-03.03.55:399][983]LogEditorViewport: Clicking on Actor (LMB): StaticMeshActor (barrel3)
[2018.09.20-03.04.02:063][719]LogEditorViewport: Clicking on Actor (LMB): TextRenderActor (TemplateLabel)
[2018.09.20-03.04.03:456][861]LogEditorViewport: Clicking on Actor (LMB): StaticMeshActor (barrel3)
[2018.09.20-03.04.07:840][263]LogSlate: Took 0.018793 seconds to synchronously load lazily loaded font '../../../Engine/Content/Editor/Slate/Fonts/Roboto-BoldCondensed.ttf' (158K)
[2018.09.20-03.04.22:565][359]LogSlate: Took 0.012073 seconds to synchronously load lazily loaded font '../../../Engine/Content/Editor/Slate/Fonts/Roboto-BoldCondensedItalic.ttf' (160K)
[2018.09.20-03.04.42:545][839]BlueprintLog: New page: Compile BP_Platform1
[2018.09.20-03.04.43:488][873]LogSavePackage: Save=17.33ms
[2018.09.20-03.04.43:488][873]LogSavePackage: Moving '../../../../../../Users/Brian/Documents/Unreal Projects/Barrel 4.18/Saved/BP_Platform15655E8A742020810F6BF3B9CD3850F54.tmp' to '../../../../../../Users/Brian/Documents/Unreal Projects/Barrel 4.18/Content/FirstPersonBP/Blueprints/BP_Platform1.uasset'
[2018.09.20-03.04.43:495][873]LogSavePackage: Display: Finished SavePackage ../../../../../../Users/Brian/Documents/Unreal Projects/Barrel 4.18/Content/FirstPersonBP/Blueprints/BP_Platform1.uasset
[2018.09.20-03.04.47:517][244]LogEditorViewport: Clicking Background
[2018.09.20-03.04.48:248][329]LogEditorViewport: Clicking on Actor (LMB): BP_Platform1_C (BP_Platform1)
[2018.09.20-03.05.34:769][428]LogSlate: Took 0.000297 seconds to synchronously load lazily loaded font '../../../Engine/Content/Slate/Fonts/Roboto-Light.ttf' (159K)
[2018.09.20-03.07.34:556][222]BlueprintLog: New page: Compile FirstPersonExampleMap
[2018.09.20-03.07.36:346][322]LogSavePackage: Save=309.66ms
[2018.09.20-03.07.36:346][322]LogSavePackage: Moving '../../../../../../Users/Brian/Documents/Unreal Projects/Barrel 4.18/Saved/FirstPersonExampleMap099A7C414A0B7D0BA33764B65958E36D.tmp' to '../../../../../../Users/Brian/Documents/Unreal Projects/Barrel 4.18/Content/FirstPersonBP/Maps/FirstPersonExampleMap.umap'
[2018.09.20-03.07.36:354][322]LogSavePackage: Display: Finished SavePackage ../../../../../../Users/Brian/Documents/Unreal Projects/Barrel 4.18/Content/FirstPersonBP/Maps/FirstPersonExampleMap.umap
[2018.09.20-03.07.36:376][322]LogFileHelpers: Saving map 'FirstPersonExampleMap' took 0.500
[2018.09.20-03.07.38:089][474]BlueprintLog: New page: Compile FirstPersonExampleMap
[2018.09.20-03.07.38:996][499]LogSavePackage: Save=267.67ms
[2018.09.20-03.07.38:996][499]LogSavePackage: Moving '../../../../../../Users/Brian/Documents/Unreal Projects/Barrel 4.18/Saved/FirstPersonExampleMapC395017A466B98B0EDC010AA1CE12A68.tmp' to '../../../../../../Users/Brian/Documents/Unreal Projects/Barrel 4.18/Content/FirstPersonBP/Maps/FirstPersonExampleMap.umap'
[2018.09.20-03.07.39:003][499]LogSavePackage: Display: Finished SavePackage ../../../../../../Users/Brian/Documents/Unreal Projects/Barrel 4.18/Content/FirstPersonBP/Maps/FirstPersonExampleMap.umap
[2018.09.20-03.07.39:014][499]LogFileHelpers: Saving map 'FirstPersonExampleMap' took 0.419
[2018.09.20-03.07.54:797][788]LogEditorViewport: Clicking on Actor (LMB): BP_Platform1_C (BP_Platform1)
[2018.09.20-03.09.22:912][910]BlueprintLog: New page: Compile FirstPersonExampleMap
[2018.09.20-03.09.23:984][937]LogSavePackage: Save=318.08ms
[2018.09.20-03.09.23:984][937]LogSavePackage: Moving '../../../../../../Users/Brian/Documents/Unreal Projects/Barrel 4.18/Saved/FirstPersonExampleMap1F758009456405801A9B60995F5FFC62.tmp' to '../../../../../../Users/Brian/Documents/Unreal Projects/Barrel 4.18/Content/FirstPersonBP/Maps/FirstPersonExampleMap.umap'
[2018.09.20-03.09.23:992][937]LogSavePackage: Display: Finished SavePackage ../../../../../../Users/Brian/Documents/Unreal Projects/Barrel 4.18/Content/FirstPersonBP/Maps/FirstPersonExampleMap.umap
[2018.09.20-03.09.24:003][937]LogFileHelpers: Saving map 'FirstPersonExampleMap' took 0.478
[2018.09.20-03.13.05:104][568]BlueprintLog: New page: Compile FirstPersonExampleMap
[2018.09.20-03.13.06:275][602]LogSavePackage: Save=322.61ms
[2018.09.20-03.13.06:275][602]LogSavePackage: Moving '../../../../../../Users/Brian/Documents/Unreal Projects/Barrel 4.18/Saved/FirstPersonExampleMap42D64F0D4CD2C8DE941C059CCEBCFAD1.tmp' to '../../../../../../Users/Brian/Documents/Unreal Projects/Barrel 4.18/Content/FirstPersonBP/Maps/FirstPersonExampleMap.umap'
[2018.09.20-03.13.06:283][602]LogSavePackage: Display: Finished SavePackage ../../../../../../Users/Brian/Documents/Unreal Projects/Barrel 4.18/Content/FirstPersonBP/Maps/FirstPersonExampleMap.umap
[2018.09.20-03.13.06:294][602]LogFileHelpers: Saving map 'FirstPersonExampleMap' took 0.489
[2018.09.20-03.13.07:946][748]LogTemp: Repeating last play command: Selected Viewport
[2018.09.20-03.13.08:314][748]LogBlueprintUserMessages: Early PlayInEditor Detection: Level '/Game/FirstPersonBP/Maps/FirstPersonExampleMap.FirstPersonExampleMap:PersistentLevel' has LevelScriptBlueprint '/Game/FirstPersonBP/Maps/FirstPersonExampleMap.FirstPersonExampleMap:PersistentLevel.FirstPersonExampleMap' with GeneratedClass '/Game/FirstPersonBP/Maps/FirstPersonExampleMap.FirstPersonExampleMap_C' with ClassGeneratedBy '/Game/FirstPersonBP/Maps/FirstPersonExampleMap.FirstPersonExampleMap:PersistentLevel.FirstPersonExampleMap'
[2018.09.20-03.13.08:342][748]LogPlayLevel: PlayLevel: No blueprints needed recompiling
[2018.09.20-03.13.08:450][748]PIE: New page: PIE session: FirstPersonExampleMap (Sep 19, 2018, 7:13:08 PM)
[2018.09.20-03.13.08:469][748]LogPlayLevel: Creating play world package: /Game/FirstPersonBP/Maps/UEDPIE_0_FirstPersonExampleMap
[2018.09.20-03.13.08:579][748]LogPlayLevel: PIE: StaticDuplicateObject took: (0.109905s)
[2018.09.20-03.13.08:580][748]LogAIModule: Creating AISystem for world FirstPersonExampleMap
[2018.09.20-03.13.08:597][748]LogPlayLevel: PIE: World Init took: (0.017170s)
[2018.09.20-03.13.08:603][748]LogPlayLevel: PIE: Created PIE world by copying editor world from /Game/FirstPersonBP/Maps/FirstPersonExampleMap.FirstPersonExampleMap to /Game/FirstPersonBP/Maps/UEDPIE_0_FirstPersonExampleMap.FirstPersonExampleMap (0.133422s)
[2018.09.20-03.13.08:655][748]LogInit: XAudio2 using 'Speakers (Realtek High Definition Audio)' : 2 channels at 48 kHz using 32 bits per sample (channel mask 0x3)
[2018.09.20-03.13.08:675][748]LogInit: FAudioDevice initialized.
[2018.09.20-03.13.08:768][748]LogLoad: Game class is 'FirstPersonGameMode_C'
[2018.09.20-03.13.08:892][748]LogWorld: Bringing World /Game/FirstPersonBP/Maps/UEDPIE_0_FirstPersonExampleMap.FirstPersonExampleMap up for play (max tick rate 0) at 2018.09.19-23.13.08
[2018.09.20-03.13.08:955][748]LogWorld: Bringing up level for play took: 0.080159
[2018.09.20-03.13.09:114][748]LogContentBrowser: Native class hierarchy updated for 'MovieSceneCapture' in 0.0004 seconds. Added 11 classes and 0 folders.
[2018.09.20-03.13.09:170][748]PIE: Play in editor start time for /Game/FirstPersonBP/Maps/UEDPIE_0_FirstPersonExampleMap 0.83
[2018.09.20-03.13.09:170][748]LogBlueprintUserMessages: Late PlayInEditor Detection: Level '/Game/FirstPersonBP/Maps/FirstPersonExampleMap.FirstPersonExampleMap:PersistentLevel' has LevelScriptBlueprint '/Game/FirstPersonBP/Maps/FirstPersonExampleMap.FirstPersonExampleMap:PersistentLevel.FirstPersonExampleMap' with GeneratedClass '/Game/FirstPersonBP/Maps/FirstPersonExampleMap.FirstPersonExampleMap_C' with ClassGeneratedBy '/Game/FirstPersonBP/Maps/FirstPersonExampleMap.FirstPersonExampleMap:PersistentLevel.FirstPersonExampleMap'
[2018.09.20-03.13.22:455][260]LogSpawn: Warning: SpawnActor failed because of collision at the spawn location [X=-1474.291 Y=-740.425 Z=292.313] for [FirstPersonProjectile_C]
[2018.09.20-03.14.04:282][268]LogCharacterMovement: FirstPersonCharacter_C_1 is stuck and failed to move! Velocity: X=-172.93 Y=-223.65 Z=0.00 Location: X=46.51 Y=-1064.88 Z=266.25 Normal: X=0.00 Y=0.00 Z=-1.00 PenetrationDepth:0.706 Actor:BP_Platform1_374 Component:Cube BoneName:None (0 other events since notify)
[2018.09.20-03.15.14:197][639]LogBlueprintUserMessages: Early EndPlayMap Detection: Level '/Game/FirstPersonBP/Maps/FirstPersonExampleMap.FirstPersonExampleMap:PersistentLevel' has LevelScriptBlueprint '/Game/FirstPersonBP/Maps/FirstPersonExampleMap.FirstPersonExampleMap:PersistentLevel.FirstPersonExampleMap' with GeneratedClass '/Game/FirstPersonBP/Maps/FirstPersonExampleMap.FirstPersonExampleMap_C' with ClassGeneratedBy '/Game/FirstPersonBP/Maps/FirstPersonExampleMap.FirstPersonExampleMap:PersistentLevel.FirstPersonExampleMap'
[2018.09.20-03.15.14:392][639]LogBlueprintUserMessages: Late EndPlayMap Detection: Level '/Game/FirstPersonBP/Maps/FirstPersonExampleMap.FirstPersonExampleMap:PersistentLevel' has LevelScriptBlueprint '/Game/FirstPersonBP/Maps/FirstPersonExampleMap.FirstPersonExampleMap:PersistentLevel.FirstPersonExampleMap' with GeneratedClass '/Game/FirstPersonBP/Maps/FirstPersonExampleMap.FirstPersonExampleMap_C' with ClassGeneratedBy '/Game/FirstPersonBP/Maps/FirstPersonExampleMap.FirstPersonExampleMap:PersistentLevel.FirstPersonExampleMap'
[2018.09.20-03.15.16:725][889]LogEditorViewport: Clicking on Actor (LMB): StaticMeshActor (Wall4)
[2018.09.20-03.15.17:364][952]LogEditorViewport: Clicking on Actor (LMB): StaticMeshActor (Floor)
[2018.09.20-03.15.17:905][  7]LogEditorViewport: Clicking on Actor (LMB): StaticMeshActor (Floor)
[2018.09.20-03.15.18:613][ 85]LogEditorViewport: Clicking on Actor (LMB): StaticMeshActor (Floor)
[2018.09.20-03.15.19:122][140]LogEditorViewport: Clicking on Actor (LMB): TriggerBox (TriggerBox)
[2018.09.20-03.15.31:841][468]LogEditorViewport: Clicking on Actor (LMB): BP_Platform1_C (BP_Platform1)
[2018.09.20-03.15.35:230][795]EditorErrors: New page: Actor attachment
[2018.09.20-03.15.40:323][283]LogTemp: Repeating last play command: Selected Viewport
[2018.09.20-03.15.40:332][283]LogBlueprintUserMessages: Early PlayInEditor Detection: Level '/Game/FirstPersonBP/Maps/FirstPersonExampleMap.FirstPersonExampleMap:PersistentLevel' has LevelScriptBlueprint '/Game/FirstPersonBP/Maps/FirstPersonExampleMap.FirstPersonExampleMap:PersistentLevel.FirstPersonExampleMap' with GeneratedClass '/Game/FirstPersonBP/Maps/FirstPersonExampleMap.FirstPersonExampleMap_C' with ClassGeneratedBy '/Game/FirstPersonBP/Maps/FirstPersonExampleMap.FirstPersonExampleMap:PersistentLevel.FirstPersonExampleMap'
[2018.09.20-03.15.40:332][283]LogPlayLevel: PlayLevel: No blueprints needed recompiling
[2018.09.20-03.15.40:332][283]PIE: New page: PIE session: FirstPersonExampleMap (Sep 19, 2018, 7:15:40 PM)
[2018.09.20-03.15.40:332][283]LogPlayLevel: Creating play world package: /Game/FirstPersonBP/Maps/UEDPIE_0_FirstPersonExampleMap
[2018.09.20-03.15.40:360][283]LogPlayLevel: PIE: StaticDuplicateObject took: (0.027112s)
[2018.09.20-03.15.40:361][283]LogAIModule: Creating AISystem for world FirstPersonExampleMap
[2018.09.20-03.15.40:361][283]LogPlayLevel: PIE: World Init took: (0.001411s)
[2018.09.20-03.15.40:361][283]LogPlayLevel: PIE: Created PIE world by copying editor world from /Game/FirstPersonBP/Maps/FirstPersonExampleMap.FirstPersonExampleMap to /Game/FirstPersonBP/Maps/UEDPIE_0_FirstPersonExampleMap.FirstPersonExampleMap (0.028997s)
[2018.09.20-03.15.40:391][283]LogInit: XAudio2 using 'Speakers (Realtek High Definition Audio)' : 2 channels at 48 kHz using 32 bits per sample (channel mask 0x3)
[2018.09.20-03.15.40:412][283]LogInit: FAudioDevice initialized.
[2018.09.20-03.15.40:463][283]LogLoad: Game class is 'FirstPersonGameMode_C'
[2018.09.20-03.15.40:493][283]LogWorld: Bringing World /Game/FirstPersonBP/Maps/UEDPIE_0_FirstPersonExampleMap.FirstPersonExampleMap up for play (max tick rate 0) at 2018.09.19-23.15.40
[2018.09.20-03.15.40:493][283]LogWorld: Bringing up level for play took: 0.030169
[2018.09.20-03.15.40:495][283]PIE: Play in editor start time for /Game/FirstPersonBP/Maps/UEDPIE_0_FirstPersonExampleMap 0.155
[2018.09.20-03.15.40:495][283]LogBlueprintUserMessages: Late PlayInEditor Detection: Level '/Game/FirstPersonBP/Maps/FirstPersonExampleMap.FirstPersonExampleMap:PersistentLevel' has LevelScriptBlueprint '/Game/FirstPersonBP/Maps/FirstPersonExampleMap.FirstPersonExampleMap:PersistentLevel.FirstPersonExampleMap' with GeneratedClass '/Game/FirstPersonBP/Maps/FirstPersonExampleMap.FirstPersonExampleMap_C' with ClassGeneratedBy '/Game/FirstPersonBP/Maps/FirstPersonExampleMap.FirstPersonExampleMap:PersistentLevel.FirstPersonExampleMap'
[2018.09.20-03.16.40:066][950]LogBlueprintUserMessages: Early EndPlayMap Detection: Level '/Game/FirstPersonBP/Maps/FirstPersonExampleMap.FirstPersonExampleMap:PersistentLevel' has LevelScriptBlueprint '/Game/FirstPersonBP/Maps/FirstPersonExampleMap.FirstPersonExampleMap:PersistentLevel.FirstPersonExampleMap' with GeneratedClass '/Game/FirstPersonBP/Maps/FirstPersonExampleMap.FirstPersonExampleMap_C' with ClassGeneratedBy '/Game/FirstPersonBP/Maps/FirstPersonExampleMap.FirstPersonExampleMap:PersistentLevel.FirstPersonExampleMap'
[2018.09.20-03.16.40:107][950]LogBlueprintUserMessages: Late EndPlayMap Detection: Level '/Game/FirstPersonBP/Maps/FirstPersonExampleMap.FirstPersonExampleMap:PersistentLevel' has LevelScriptBlueprint '/Game/FirstPersonBP/Maps/FirstPersonExampleMap.FirstPersonExampleMap:PersistentLevel.FirstPersonExampleMap' with GeneratedClass '/Game/FirstPersonBP/Maps/FirstPersonExampleMap.FirstPersonExampleMap_C' with ClassGeneratedBy '/Game/FirstPersonBP/Maps/FirstPersonExampleMap.FirstPersonExampleMap:PersistentLevel.FirstPersonExampleMap'
[2018.09.20-03.16.53:431][739]LogTemp: Repeating last play command: Selected Viewport
[2018.09.20-03.16.53:439][739]LogBlueprintUserMessages: Early PlayInEditor Detection: Level '/Game/FirstPersonBP/Maps/FirstPersonExampleMap.FirstPersonExampleMap:PersistentLevel' has LevelScriptBlueprint '/Game/FirstPersonBP/Maps/FirstPersonExampleMap.FirstPersonExampleMap:PersistentLevel.FirstPersonExampleMap' with GeneratedClass '/Game/FirstPersonBP/Maps/FirstPersonExampleMap.FirstPersonExampleMap_C' with ClassGeneratedBy '/Game/FirstPersonBP/Maps/FirstPersonExampleMap.FirstPersonExampleMap:PersistentLevel.FirstPersonExampleMap'
[2018.09.20-03.16.53:440][739]LogPlayLevel: PlayLevel: No blueprints needed recompiling
[2018.09.20-03.16.53:440][739]PIE: New page: PIE session: FirstPersonExampleMap (Sep 19, 2018, 7:16:53 PM)
[2018.09.20-03.16.53:440][739]LogPlayLevel: Creating play world package: /Game/FirstPersonBP/Maps/UEDPIE_0_FirstPersonExampleMap
[2018.09.20-03.16.53:464][739]LogPlayLevel: PIE: StaticDuplicateObject took: (0.024060s)
[2018.09.20-03.16.53:465][739]LogAIModule: Creating AISystem for world FirstPersonExampleMap
[2018.09.20-03.16.53:465][739]LogPlayLevel: PIE: World Init took: (0.001191s)
[2018.09.20-03.16.53:466][739]LogPlayLevel: PIE: Created PIE world by copying editor world from /Game/FirstPersonBP/Maps/FirstPersonExampleMap.FirstPersonExampleMap to /Game/FirstPersonBP/Maps/UEDPIE_0_FirstPersonExampleMap.FirstPersonExampleMap (0.025642s)
[2018.09.20-03.16.53:495][739]LogInit: XAudio2 using 'Speakers (Realtek High Definition Audio)' : 2 channels at 48 kHz using 32 bits per sample (channel mask 0x3)
[2018.09.20-03.16.53:513][739]LogInit: FAudioDevice initialized.
[2018.09.20-03.16.53:548][739]LogLoad: Game class is 'FirstPersonGameMode_C'
[2018.09.20-03.16.53:551][739]LogWorld: Bringing World /Game/FirstPersonBP/Maps/UEDPIE_0_FirstPersonExampleMap.FirstPersonExampleMap up for play (max tick rate 0) at 2018.09.19-23.16.53
[2018.09.20-03.16.53:551][739]LogWorld: Bringing up level for play took: 0.002468
[2018.09.20-03.16.53:552][739]PIE: Play in editor start time for /Game/FirstPersonBP/Maps/UEDPIE_0_FirstPersonExampleMap -0.788
[2018.09.20-03.16.53:552][739]LogBlueprintUserMessages: Late PlayInEditor Detection: Level '/Game/FirstPersonBP/Maps/FirstPersonExampleMap.FirstPersonExampleMap:PersistentLevel' has LevelScriptBlueprint '/Game/FirstPersonBP/Maps/FirstPersonExampleMap.FirstPersonExampleMap:PersistentLevel.FirstPersonExampleMap' with GeneratedClass '/Game/FirstPersonBP/Maps/FirstPersonExampleMap.FirstPersonExampleMap_C' with ClassGeneratedBy '/Game/FirstPersonBP/Maps/FirstPersonExampleMap.FirstPersonExampleMap:PersistentLevel.FirstPersonExampleMap'
[2018.09.20-03.17.10:979][ 53]LogBlueprintUserMessages: Early EndPlayMap Detection: Level '/Game/FirstPersonBP/Maps/FirstPersonExampleMap.FirstPersonExampleMap:PersistentLevel' has LevelScriptBlueprint '/Game/FirstPersonBP/Maps/FirstPersonExampleMap.FirstPersonExampleMap:PersistentLevel.FirstPersonExampleMap' with GeneratedClass '/Game/FirstPersonBP/Maps/FirstPersonExampleMap.FirstPersonExampleMap_C' with ClassGeneratedBy '/Game/FirstPersonBP/Maps/FirstPersonExampleMap.FirstPersonExampleMap:PersistentLevel.FirstPersonExampleMap'
[2018.09.20-03.17.11:024][ 53]LogBlueprintUserMessages: Late EndPlayMap Detection: Level '/Game/FirstPersonBP/Maps/FirstPersonExampleMap.FirstPersonExampleMap:PersistentLevel' has LevelScriptBlueprint '/Game/FirstPersonBP/Maps/FirstPersonExampleMap.FirstPersonExampleMap:PersistentLevel.FirstPersonExampleMap' with GeneratedClass '/Game/FirstPersonBP/Maps/FirstPersonExampleMap.FirstPersonExampleMap_C' with ClassGeneratedBy '/Game/FirstPersonBP/Maps/FirstPersonExampleMap.FirstPersonExampleMap:PersistentLevel.FirstPersonExampleMap'
[2018.09.20-03.17.56:790][876]BlueprintLog: New page: Compile FirstPersonExampleMap
[2018.09.20-03.17.58:196][931]LogSavePackage: Save=316.84ms
[2018.09.20-03.17.58:196][931]LogSavePackage: Moving '../../../../../../Users/Brian/Documents/Unreal Projects/Barrel 4.18/Saved/FirstPersonExampleMap876E32DF4390808E64EFCF8085BC877C.tmp' to '../../../../../../Users/Brian/Documents/Unreal Projects/Barrel 4.18/Content/FirstPersonBP/Maps/FirstPersonExampleMap.umap'
[2018.09.20-03.17.58:204][931]LogSavePackage: Display: Finished SavePackage ../../../../../../Users/Brian/Documents/Unreal Projects/Barrel 4.18/Content/FirstPersonBP/Maps/FirstPersonExampleMap.umap
[2018.09.20-03.17.58:215][931]LogFileHelpers: Saving map 'FirstPersonExampleMap' took 0.476
[2018.09.20-03.18.00:195][124]LogTemp: Repeating last play command: Selected Viewport
[2018.09.20-03.18.00:203][124]LogBlueprintUserMessages: Early PlayInEditor Detection: Level '/Game/FirstPersonBP/Maps/FirstPersonExampleMap.FirstPersonExampleMap:PersistentLevel' has LevelScriptBlueprint '/Game/FirstPersonBP/Maps/FirstPersonExampleMap.FirstPersonExampleMap:PersistentLevel.FirstPersonExampleMap' with GeneratedClass '/Game/FirstPersonBP/Maps/FirstPersonExampleMap.FirstPersonExampleMap_C' with ClassGeneratedBy '/Game/FirstPersonBP/Maps/FirstPersonExampleMap.FirstPersonExampleMap:PersistentLevel.FirstPersonExampleMap'
[2018.09.20-03.18.00:204][124]LogPlayLevel: PlayLevel: No blueprints needed recompiling
[2018.09.20-03.18.00:204][124]PIE: New page: PIE session: FirstPersonExampleMap (Sep 19, 2018, 7:18:00 PM)
[2018.09.20-03.18.00:204][124]LogPlayLevel: Creating play world package: /Game/FirstPersonBP/Maps/UEDPIE_0_FirstPersonExampleMap
[2018.09.20-03.18.00:226][124]LogPlayLevel: PIE: StaticDuplicateObject took: (0.022310s)
[2018.09.20-03.18.00:228][124]LogAIModule: Creating AISystem for world FirstPersonExampleMap
[2018.09.20-03.18.00:228][124]LogPlayLevel: PIE: World Init took: (0.001662s)
[2018.09.20-03.18.00:228][124]LogPlayLevel: PIE: Created PIE world by copying editor world from /Game/FirstPersonBP/Maps/FirstPersonExampleMap.FirstPersonExampleMap to /Game/FirstPersonBP/Maps/UEDPIE_0_FirstPersonExampleMap.FirstPersonExampleMap (0.024329s)
[2018.09.20-03.18.00:258][124]LogInit: XAudio2 using 'Speakers (Realtek High Definition Audio)' : 2 channels at 48 kHz using 32 bits per sample (channel mask 0x3)
[2018.09.20-03.18.00:277][124]LogInit: FAudioDevice initialized.
[2018.09.20-03.18.00:311][124]LogLoad: Game class is 'FirstPersonGameMode_C'
[2018.09.20-03.18.00:314][124]LogWorld: Bringing World /Game/FirstPersonBP/Maps/UEDPIE_0_FirstPersonExampleMap.FirstPersonExampleMap up for play (max tick rate 0) at 2018.09.19-23.18.00
[2018.09.20-03.18.00:314][124]LogWorld: Bringing up level for play took: 0.002219
[2018.09.20-03.18.00:315][124]PIE: Play in editor start time for /Game/FirstPersonBP/Maps/UEDPIE_0_FirstPersonExampleMap -0.025
[2018.09.20-03.18.00:315][124]LogBlueprintUserMessages: Late PlayInEditor Detection: Level '/Game/FirstPersonBP/Maps/FirstPersonExampleMap.FirstPersonExampleMap:PersistentLevel' has LevelScriptBlueprint '/Game/FirstPersonBP/Maps/FirstPersonExampleMap.FirstPersonExampleMap:PersistentLevel.FirstPersonExampleMap' with GeneratedClass '/Game/FirstPersonBP/Maps/FirstPersonExampleMap.FirstPersonExampleMap_C' with ClassGeneratedBy '/Game/FirstPersonBP/Maps/FirstPersonExampleMap.FirstPersonExampleMap:PersistentLevel.FirstPersonExampleMap'
[2018.09.20-03.18.21:636][530]LogBlueprintUserMessages: Early EndPlayMap Detection: Level '/Game/FirstPersonBP/Maps/FirstPersonExampleMap.FirstPersonExampleMap:PersistentLevel' has LevelScriptBlueprint '/Game/FirstPersonBP/Maps/FirstPersonExampleMap.FirstPersonExampleMap:PersistentLevel.FirstPersonExampleMap' with GeneratedClass '/Game/FirstPersonBP/Maps/FirstPersonExampleMap.FirstPersonExampleMap_C' with ClassGeneratedBy '/Game/FirstPersonBP/Maps/FirstPersonExampleMap.FirstPersonExampleMap:PersistentLevel.FirstPersonExampleMap'
[2018.09.20-03.18.21:678][530]LogBlueprintUserMessages: Late EndPlayMap Detection: Level '/Game/FirstPersonBP/Maps/FirstPersonExampleMap.FirstPersonExampleMap:PersistentLevel' has LevelScriptBlueprint '/Game/FirstPersonBP/Maps/FirstPersonExampleMap.FirstPersonExampleMap:PersistentLevel.FirstPersonExampleMap' with GeneratedClass '/Game/FirstPersonBP/Maps/FirstPersonExampleMap.FirstPersonExampleMap_C' with ClassGeneratedBy '/Game/FirstPersonBP/Maps/FirstPersonExampleMap.FirstPersonExampleMap:PersistentLevel.FirstPersonExampleMap'
[2018.09.20-03.18.26:148][899]LogRenderer: Reallocating scene render targets to support 1052x712 Format 9 NumSamples 1 (Frame:1).
[2018.09.20-03.20.00:307][278]Cmd: QUIT_EDITOR
[2018.09.20-03.20.01:427][278]LogWindowsTextInputMethodSystem: Display: IME system now deactivated.
[2018.09.20-03.20.01:484][278]LogExit: Preparing to exit.
[2018.09.20-03.20.02:066][278]LogDirectoryWatcher: A directory notification for 'C:/Users/Brian/Documents/Unreal Projects/Barrel 4.18/Content/' was aborted.
[2018.09.20-03.20.02:236][278]LogExit: Editor shut down
[2018.09.20-03.20.02:241][278]LogExit: Transaction tracking system shut down
[2018.09.20-03.20.02:574][278]LogDirectoryWatcher: A directory notification for '../../../Engine/Content/' was aborted.
[2018.09.20-03.20.02:574][278]LogDirectoryWatcher: A directory notification for '../../../../../../Users/Brian/Documents/Unreal Projects/Barrel 4.18/Content/' was aborted.
[2018.09.20-03.20.02:574][278]LogDirectoryWatcher: A directory notification for '../../../Engine/Plugins/2D/Paper2D/Content/' was aborted.
[2018.09.20-03.20.02:574][278]LogDirectoryWatcher: A directory notification for '../../../Engine/Plugins/Marketplace/LowEntryJson/Content/' was aborted.
[2018.09.20-03.20.02:574][278]LogDirectoryWatcher: A directory notification for '../../../Engine/Plugins/Media/MediaCompositing/Content/' was aborted.
[2018.09.20-03.20.02:574][278]LogDirectoryWatcher: A directory notification for '../../../Engine/Plugins/Runtime/AppleARKit/Content/' was aborted.
[2018.09.20-03.20.02:574][278]LogDirectoryWatcher: A directory notification for '../../../Engine/Plugins/Runtime/Oculus/OculusVR/Content/' was aborted.
[2018.09.20-03.20.02:574][278]LogDirectoryWatcher: A directory notification for '../../../Engine/Plugins/Runtime/Steam/SteamVR/Content/' was aborted.
[2018.09.20-03.20.03:732][278]LogExit: Object subsystem successfully closed.
[2018.09.20-03.20.03:902][278]LogD3D11RHI: Shutdown
[2018.09.20-03.20.03:916][278]LogD3D11RHI: CleanupD3DDevice
[2018.09.20-03.20.03:934][278]LogD3D11RHI: ~FD3D11DynamicRHI
[2018.09.20-03.20.05:528][278]LogModuleManager: Shutting down and abandoning module MovieSceneCapture (556)
[2018.09.20-03.20.05:528][278]LogModuleManager: Shutting down and abandoning module BlueprintGraph (554)
[2018.09.20-03.20.05:528][278]LogModuleManager: Shutting down and abandoning module HierarchicalLODOutliner (552)
[2018.09.20-03.20.05:528][278]LogModuleManager: Shutting down and abandoning module SceneOutliner (550)
[2018.09.20-03.20.05:528][278]LogModuleManager: Shutting down and abandoning module AddContentDialog (548)
[2018.09.20-03.20.05:532][278]LogDirectoryWatcher: A directory notification for 'C:/Program Files/Epic Games/UE_4.18/FeaturePacks/' was aborted.
[2018.09.20-03.20.05:534][278]LogModuleManager: Shutting down and abandoning module WidgetCarousel (547)
[2018.09.20-03.20.05:534][278]LogModuleManager: Shutting down and abandoning module EditorWidgets (544)
[2018.09.20-03.20.05:534][278]LogModuleManager: Shutting down and abandoning module CollectionManager (542)
[2018.09.20-03.20.05:544][278]LogDirectoryWatcher: A directory notification for 'C:/Users/Brian/Documents/Unreal Projects/Barrel 4.18/Content/Collections/' was aborted.
[2018.09.20-03.20.05:544][278]LogDirectoryWatcher: A directory notification for 'C:/Users/Brian/Documents/Unreal Projects/Barrel 4.18/Content/Developers/Brian/Collections/' was aborted.
[2018.09.20-03.20.05:544][278]LogDirectoryWatcher: A directory notification for 'C:/Users/Brian/Documents/Unreal Projects/Barrel 4.18/Saved/Collections/' was aborted.
[2018.09.20-03.20.05:544][278]LogModuleManager: Shutting down and abandoning module StatsViewer (540)
[2018.09.20-03.20.05:555][278]LogModuleManager: Shutting down and abandoning module FoliageEdit (538)
[2018.09.20-03.20.05:560][278]LogModuleManager: Shutting down and abandoning module LandscapeEditor (536)
[2018.09.20-03.20.05:584][278]LogModuleManager: Shutting down and abandoning module MeshPaintMode (534)
[2018.09.20-03.20.05:603][278]LogModuleManager: Shutting down and abandoning module SceneDepthPickerMode (532)
[2018.09.20-03.20.05:603][278]LogModuleManager: Shutting down and abandoning module ActorPickerMode (530)
[2018.09.20-03.20.05:603][278]LogModuleManager: Shutting down and abandoning module GeometryMode (528)
[2018.09.20-03.20.05:603][278]LogModuleManager: Shutting down and abandoning module TextureAlignMode (526)
[2018.09.20-03.20.05:603][278]LogModuleManager: Shutting down and abandoning module BspMode (524)
[2018.09.20-03.20.05:603][278]LogModuleManager: Shutting down and abandoning module PIEPreviewDeviceProfileSelector (522)
[2018.09.20-03.20.05:603][278]LogModuleManager: Shutting down and abandoning module HardwareSurvey (520)
[2018.09.20-03.20.05:603][278]LogModuleManager: Shutting down and abandoning module SequenceRecorderSections (518)
[2018.09.20-03.20.05:608][278]LogModuleManager: Shutting down and abandoning module AutomationWorker (516)
[2018.09.20-03.20.05:625][278]LogModuleManager: Shutting down and abandoning module MatineeToLevelSequence (514)
[2018.09.20-03.20.05:639][278]LogModuleManager: Shutting down and abandoning module LevelSequenceEditor (512)
[2018.09.20-03.20.05:676][278]LogModuleManager: Shutting down and abandoning module PlacementMode (511)
[2018.09.20-03.20.05:676][278]LogModuleManager: Shutting down and abandoning module WmfMediaFactory (508)
[2018.09.20-03.20.05:676][278]LogModuleManager: Shutting down and abandoning module WmfMediaEditor (506)
[2018.09.20-03.20.05:676][278]LogModuleManager: Shutting down and abandoning module OpenExrWrapper (504)
[2018.09.20-03.20.05:676][278]LogModuleManager: Shutting down and abandoning module ImgMediaFactory (502)
[2018.09.20-03.20.05:676][278]LogModuleManager: Shutting down and abandoning module ImgMediaEditor (500)
[2018.09.20-03.20.05:677][278]LogModuleManager: Shutting down and abandoning module AvfMediaFactory (498)
[2018.09.20-03.20.05:677][278]LogModuleManager: Shutting down and abandoning module AvfMediaEditor (496)
[2018.09.20-03.20.05:677][278]LogModuleManager: Shutting down and abandoning module AndroidMediaFactory (494)
[2018.09.20-03.20.05:677][278]LogModuleManager: Shutting down and abandoning module AndroidMediaEditor (492)
[2018.09.20-03.20.05:677][278]LogModuleManager: Shutting down and abandoning module CharacterAI (490)
[2018.09.20-03.20.05:677][278]LogModuleManager: Shutting down and abandoning module AudioCapture (488)
[2018.09.20-03.20.05:697][278]LogModuleManager: Shutting down and abandoning module SequenceRecorder (487)
[2018.09.20-03.20.05:714][278]LogModuleManager: Shutting down and abandoning module SmartSnapping (484)
[2018.09.20-03.20.05:714][278]LogModuleManager: Shutting down and abandoning module SessionServices (482)
[2018.09.20-03.20.05:714][278]LogModuleManager: Shutting down and abandoning module ViewportSnapping (480)
[2018.09.20-03.20.05:714][278]LogModuleManager: Shutting down and abandoning module ViewportInteraction (478)
[2018.09.20-03.20.05:714][278]LogModuleManager: Shutting down and abandoning module ClothPainter (476)
[2018.09.20-03.20.05:737][278]LogModuleManager: Shutting down and abandoning module SkeletalMeshEditor (475)
[2018.09.20-03.20.05:756][278]LogModuleManager: Shutting down and abandoning module LogVisualizer (472)
[2018.09.20-03.20.05:771][278]LogModuleManager: Shutting down and abandoning module IntroTutorials (470)
[2018.09.20-03.20.05:783][278]LogModuleManager: Shutting down and abandoning module GameProjectGeneration (469)
[2018.09.20-03.20.05:803][278]LogModuleManager: Shutting down and abandoning module IOSPlatformEditor (466)
[2018.09.20-03.20.05:803][278]LogModuleManager: Shutting down and abandoning module HTML5PlatformEditor (464)
[2018.09.20-03.20.05:803][278]LogModuleManager: Shutting down and abandoning module AndroidPlatformEditor (462)
[2018.09.20-03.20.05:803][278]LogModuleManager: Shutting down and abandoning module AndroidDeviceDetection (461)
[2018.09.20-03.20.06:671][278]LogModuleManager: Shutting down and abandoning module WindowsPlatformEditor (458)
[2018.09.20-03.20.06:671][278]LogModuleManager: Shutting down and abandoning module IOSRuntimeSettings (456)
[2018.09.20-03.20.06:671][278]LogModuleManager: Shutting down and abandoning module AndroidRuntimeSettings (454)
[2018.09.20-03.20.06:671][278]LogModuleManager: Shutting down and abandoning module InputBindingEditor (452)
[2018.09.20-03.20.06:780][278]LogModuleManager: Shutting down and abandoning module MergeActors (450)
[2018.09.20-03.20.06:796][278]LogModuleManager: Shutting down and abandoning module SizeMap (448)
[2018.09.20-03.20.06:796][278]LogModuleManager: Shutting down and abandoning module TreeMap (446)
[2018.09.20-03.20.06:810][278]LogModuleManager: Shutting down and abandoning module ReferenceViewer (444)
[2018.09.20-03.20.06:810][278]LogModuleManager: Shutting down and abandoning module LocalizationDashboard (442)
[2018.09.20-03.20.06:821][278]LogModuleManager: Shutting down and abandoning module LocalizationService (441)
[2018.09.20-03.20.06:832][278]LogModuleManager: Shutting down and abandoning module HardwareTargeting (438)
[2018.09.20-03.20.06:832][278]LogModuleManager: Shutting down and abandoning module DeviceProfileEditor (436)
[2018.09.20-03.20.06:832][278]LogModuleManager: Shutting down and abandoning module UndoHistory (434)
[2018.09.20-03.20.06:832][278]LogModuleManager: Shutting down and abandoning module XmlParser (432)
[2018.09.20-03.20.06:839][278]LogModuleManager: Shutting down and abandoning module Blutility (430)
[2018.09.20-03.20.06:839][278]LogModuleManager: Shutting down and abandoning module ProjectSettingsViewer (428)
[2018.09.20-03.20.06:839][278]LogModuleManager: Shutting down and abandoning module ProjectTargetPlatformEditor (427)
[2018.09.20-03.20.06:839][278]LogModuleManager: Shutting down and abandoning module EditorSettingsViewer (424)
[2018.09.20-03.20.06:839][278]LogModuleManager: Shutting down and abandoning module SettingsEditor (422)
[2018.09.20-03.20.06:859][278]LogModuleManager: Shutting down and abandoning module ProjectLauncher (420)
[2018.09.20-03.20.06:873][278]LogModuleManager: Shutting down and abandoning module SessionFrontend (418)
[2018.09.20-03.20.06:892][278]LogModuleManager: Shutting down and abandoning module ProfilerClient (416)
[2018.09.20-03.20.06:906][278]LogModuleManager: Shutting down and abandoning module DeviceManager (414)
[2018.09.20-03.20.06:924][278]LogModuleManager: Shutting down and abandoning module TargetDeviceServices (413)
[2018.09.20-03.20.06:999][278]LogModuleManager: Shutting down and abandoning module AutomationController (410)
[2018.09.20-03.20.07:005][278]LogModuleManager: Shutting down and abandoning module AutomationWindow (408)
[2018.09.20-03.20.07:015][278]LogModuleManager: Shutting down and abandoning module Layers (406)
[2018.09.20-03.20.07:022][278]LogModuleManager: Shutting down and abandoning module ComponentVisualizers (404)
[2018.09.20-03.20.07:022][278]LogModuleManager: Shutting down and abandoning module DetailCustomizations (402)
[2018.09.20-03.20.07:041][278]LogModuleManager: Shutting down and abandoning module PackagesDialog (400)
[2018.09.20-03.20.07:041][278]LogModuleManager: Shutting down and abandoning module Persona (398)
[2018.09.20-03.20.07:080][278]LogModuleManager: Shutting down and abandoning module AdvancedPreviewScene (397)
[2018.09.20-03.20.07:081][278]LogModuleManager: Shutting down and abandoning module AnimGraph (395)
[2018.09.20-03.20.07:081][278]LogModuleManager: Shutting down and abandoning module Kismet (392)
[2018.09.20-03.20.07:118][278]LogModuleManager: Shutting down and abandoning module ClassViewer (390)
[2018.09.20-03.20.07:119][278]LogModuleManager: Shutting down and abandoning module Toolbox (388)
[2018.09.20-03.20.07:119][278]LogModuleManager: Shutting down and abandoning module ModuleUI (386)
[2018.09.20-03.20.07:137][278]LogModuleManager: Shutting down and abandoning module MovieSceneTools (384)
[2018.09.20-03.20.07:159][278]LogModuleManager: Shutting down and abandoning module OutputLog (382)
[2018.09.20-03.20.07:186][278]LogModuleManager: Shutting down and abandoning module GammaUI (380)
[2018.09.20-03.20.07:195][278]LogModuleManager: Shutting down and abandoning module Documentation (378)
[2018.09.20-03.20.07:195][278]LogModuleManager: Shutting down and abandoning module MovieSceneTracks (376)
[2018.09.20-03.20.07:195][278]LogModuleManager: Shutting down and abandoning module MovieScene (374)
[2018.09.20-03.20.07:195][278]LogModuleManager: Shutting down and abandoning module StreamingPauseRendering (372)
[2018.09.20-03.20.07:195][278]LogModuleManager: Shutting down and abandoning module LauncherPlatform (370)
[2018.09.20-03.20.07:195][278]LogModuleManager: Shutting down and abandoning module AnalyticsET (368)
[2018.09.20-03.20.07:195][278]LogModuleManager: Shutting down and abandoning module PortalServices (366)
[2018.09.20-03.20.07:195][278]LogModuleManager: Shutting down and abandoning module PortalRpc (364)
[2018.09.20-03.20.07:195][278]LogModuleManager: Shutting down and abandoning module MessagingRpc (362)
[2018.09.20-03.20.07:195][278]LogModuleManager: Shutting down and abandoning module AIModule (360)
[2018.09.20-03.20.07:195][278]LogModuleManager: Shutting down and abandoning module GameplayDebugger (359)
[2018.09.20-03.20.07:195][278]LogModuleManager: Shutting down and abandoning module AITestSuite (357)
[2018.09.20-03.20.07:198][278]LogModuleManager: Shutting down and abandoning module DesktopPlatform (354)
[2018.09.20-03.20.07:198][278]LogModuleManager: Shutting down and abandoning module ProfilerService (352)
[2018.09.20-03.20.07:364][278]LogModuleManager: Shutting down and abandoning module TaskGraph (350)
[2018.09.20-03.20.07:368][278]LogModuleManager: Shutting down and abandoning module SteamVRController (348)
[2018.09.20-03.20.07:368][278]LogModuleManager: Shutting down and abandoning module ProceduralMeshComponentEditor (346)
[2018.09.20-03.20.07:368][278]LogModuleManager: Shutting down and abandoning module ProceduralMeshComponent (344)
[2018.09.20-03.20.07:379][278]LogModuleManager: Shutting down and abandoning module OculusInput (342)
[2018.09.20-03.20.07:393][278]LogModuleManager: Shutting down and abandoning module MobilePatchingUtils (340)
[2018.09.20-03.20.07:393][278]LogModuleManager: Shutting down and abandoning module CustomMeshComponent (338)
[2018.09.20-03.20.07:393][278]LogModuleManager: Shutting down and abandoning module CableComponent (336)
[2018.09.20-03.20.07:396][278]LogModuleManager: Shutting down and abandoning module ArchVisCharacter (334)
[2018.09.20-03.20.07:396][278]LogModuleManager: Shutting down and abandoning module AndroidPermission (332)
[2018.09.20-03.20.07:396][278]LogModuleManager: Shutting down and abandoning module ActorSequence (328)
[2018.09.20-03.20.07:396][278]LogModuleManager: Shutting down and abandoning module MediaPlayerEditor (326)
[2018.09.20-03.20.07:412][278]LogModuleManager: Shutting down and abandoning module MediaCompositingEditor (324)
[2018.09.20-03.20.07:412][278]LogModuleManager: Shutting down and abandoning module MediaCompositing (322)
[2018.09.20-03.20.07:412][278]LogModuleManager: Shutting down and abandoning module LowEntryJsonEditor (320)
[2018.09.20-03.20.07:412][278]LogModuleManager: Shutting down and abandoning module HTML5Networking (318)
[2018.09.20-03.20.07:412][278]LogModuleManager: Shutting down and abandoning module AlembicImporter (316)
[2018.09.20-03.20.07:417][278]LogModuleManager: Shutting down and abandoning module AlembicLibrary (315)
[2018.09.20-03.20.07:417][278]LogModuleManager: Shutting down and abandoning module GeometryCache (314)
[2018.09.20-03.20.07:428][278]LogModuleManager: Shutting down and abandoning module GeometryCacheEd (313)
[2018.09.20-03.20.07:428][278]LogModuleManager: Shutting down and abandoning module SpeedTreeImporter (308)
[2018.09.20-03.20.07:428][278]LogModuleManager: Shutting down and abandoning module PluginBrowser (306)
[2018.09.20-03.20.07:429][278]LogModuleManager: Shutting down and abandoning module MobileLauncherProfileWizard (304)
[2018.09.20-03.20.07:436][278]LogModuleManager: Shutting down and abandoning module VisualStudioSourceCodeAccess (302)
[2018.09.20-03.20.07:436][278]LogModuleManager: Shutting down and abandoning module VisualStudioCodeSourceCodeAccess (300)
[2018.09.20-03.20.07:436][278]LogModuleManager: Shutting down and abandoning module UObjectPlugin (298)
[2018.09.20-03.20.07:436][278]LogModuleManager: Shutting down and abandoning module SubversionSourceControl (296)
[2018.09.20-03.20.07:447][278]LogModuleManager: Shutting down and abandoning module PerforceSourceControl (294)
[2018.09.20-03.20.07:454][278]LogModuleManager: Shutting down and abandoning module GitSourceControl (292)
[2018.09.20-03.20.07:459][278]LogModuleManager: Shutting down and abandoning module SourceControl (291)
[2018.09.20-03.20.07:468][278]LogModuleManager: Shutting down and abandoning module LightPropagationVolumeEditor (288)
[2018.09.20-03.20.07:468][278]LogModuleManager: Shutting down and abandoning module PaperTiledImporter (286)
[2018.09.20-03.20.07:468][278]LogModuleManager: Shutting down and abandoning module PaperSpriteSheetImporter (284)
[2018.09.20-03.20.07:468][278]LogModuleManager: Shutting down and abandoning module Paper2DEditor (282)
[2018.09.20-03.20.07:500][278]LogModuleManager: Shutting down and abandoning module MeshPaint (281)
[2018.09.20-03.20.07:510][278]LogModuleManager: Shutting down and abandoning module LevelEditor (279)
[2018.09.20-03.20.07:518][278]LogModuleManager: Shutting down and abandoning module PixelInspectorModule (278)
[2018.09.20-03.20.07:522][278]LogModuleManager: Shutting down and abandoning module MainFrame (276)
[2018.09.20-03.20.07:522][278]LogModuleManager: Shutting down and abandoning module HotReload (275)
[2018.09.20-03.20.07:557][278]LogModuleManager: Shutting down and abandoning module RuntimePhysXCooking (270)
[2018.09.20-03.20.07:557][278]LogModuleManager: Shutting down and abandoning module PhysXVehiclesEditor (268)
[2018.09.20-03.20.07:557][278]LogModuleManager: Shutting down and abandoning module PhysXVehicles (266)
[2018.09.20-03.20.07:557][278]LogModuleManager: Shutting down and abandoning module OculusEditor (264)
[2018.09.20-03.20.07:557][278]LogModuleManager: Shutting down and abandoning module LocationServicesBPLibrary (262)
[2018.09.20-03.20.07:557][278]LogModuleManager: Shutting down and abandoning module ImmediatePhysicsEditor (260)
[2018.09.20-03.20.07:557][278]LogModuleManager: Shutting down and abandoning module ImmediatePhysics (258)
[2018.09.20-03.20.07:580][278]LogModuleManager: Shutting down and abandoning module UdpMessaging (256)
[2018.09.20-03.20.07:700][278]LogModuleManager: Shutting down and abandoning module TcpMessaging (254)
[2018.09.20-03.20.07:805][278]LogModuleManager: Shutting down and abandoning module LowEntryJson (252)
[2018.09.20-03.20.07:805][278]LogModuleManager: Shutting down and abandoning module GameplayTagsEditor (250)
[2018.09.20-03.20.07:842][278]LogModuleManager: Shutting down and abandoning module FacialAnimationEditor (248)
[2018.09.20-03.20.07:842][278]LogModuleManager: Shutting down and abandoning module FacialAnimation (246)
[2018.09.20-03.20.07:842][278]LogModuleManager: Shutting down and abandoning module AssetManagerEditor (244)
[2018.09.20-03.20.07:845][278]LogModuleManager: Shutting down and abandoning module GraphEditor (243)
[2018.09.20-03.20.07:845][278]LogModuleManager: Shutting down and abandoning module ContentBrowser (241)
[2018.09.20-03.20.07:846][278]LogModuleManager: Shutting down and abandoning module LightPropagationVolumeRuntime (238)
[2018.09.20-03.20.07:846][278]LogModuleManager: Shutting down and abandoning module Paper2D (236)
[2018.09.20-03.20.07:846][278]LogModuleManager: Shutting down and abandoning module WindowsMoviePlayer (234)
[2018.09.20-03.20.07:853][278]LogModuleManager: Shutting down and abandoning module WmfMedia (232)
[2018.09.20-03.20.07:858][278]LogModuleManager: Shutting down and abandoning module ImgMedia (230)
[2018.09.20-03.20.07:858][278]LogModuleManager: Shutting down and abandoning module PacketHandler (228)
[2018.09.20-03.20.07:858][278]LogModuleManager: Shutting down and abandoning module ClothingSystemEditor (226)
[2018.09.20-03.20.07:858][278]LogModuleManager: Shutting down and abandoning module ClothingSystemRuntime (224)
[2018.09.20-03.20.07:877][278]LogModuleManager: Shutting down and abandoning module MediaAssets (222)
[2018.09.20-03.20.07:877][278]LogModuleManager: Shutting down and abandoning module Media (221)
[2018.09.20-03.20.07:883][278]LogModuleManager: Shutting down and abandoning module Overlay (218)
[2018.09.20-03.20.07:883][278]LogModuleManager: Shutting down and abandoning module OverlayEditor (217)
[2018.09.20-03.20.07:883][278]LogModuleManager: Shutting down and abandoning module VREditor (214)
[2018.09.20-03.20.07:914][278]LogModuleManager: Shutting down and abandoning module StringTableEditor (212)
[2018.09.20-03.20.07:922][278]LogModuleManager: Shutting down and abandoning module GameplayTasksEditor (210)
[2018.09.20-03.20.07:922][278]LogModuleManager: Shutting down and abandoning module BehaviorTreeEditor (208)
[2018.09.20-03.20.07:946][278]LogModuleManager: Shutting down and abandoning module FunctionalTesting (206)
[2018.09.20-03.20.07:952][278]LogModuleManager: Shutting down and abandoning module CollisionAnalyzer (204)
[2018.09.20-03.20.07:959][278]LogModuleManager: Shutting down and abandoning module WorkspaceMenuStructure (203)
[2018.09.20-03.20.07:959][278]LogModuleManager: Shutting down and abandoning module UMG (200)
[2018.09.20-03.20.07:971][278]LogModuleManager: Shutting down and abandoning module UMGEditor (199)
[2018.09.20-03.20.07:999][278]LogModuleManager: Shutting down and abandoning module Sequencer (198)
[2018.09.20-03.20.08:019][278]LogModuleManager: Shutting down and abandoning module MessageLog (195)
[2018.09.20-03.20.08:019][278]LogModuleManager: Shutting down and abandoning module SlateReflector (190)
[2018.09.20-03.20.08:054][278]LogModuleManager: Shutting down and abandoning module Slate (188)
[2018.09.20-03.20.08:054][278]LogModuleManager: Shutting down and abandoning module EditorStyle (186)
[2018.09.20-03.20.08:058][278]LogModuleManager: Shutting down and abandoning module MRMesh (184)
[2018.09.20-03.20.08:058][278]LogModuleManager: Shutting down and abandoning module SourceCodeAccess (182)
[2018.09.20-03.20.08:058][278]LogModuleManager: Shutting down and abandoning module HeadMountedDisplay (180)
[2018.09.20-03.20.08:058][278]LogModuleManager: Shutting down and abandoning module XAudio2 (178)
[2018.09.20-03.20.08:058][278]LogModuleManager: Shutting down and abandoning module Networking (176)
[2018.09.20-03.20.08:058][278]LogModuleManager: Shutting down and abandoning module Core (172)
[2018.09.20-03.20.08:058][278]LogModuleManager: Shutting down and abandoning module LevelSequence (168)
[2018.09.20-03.20.08:068][278]LogModuleManager: Shutting down and abandoning module DirectoryWatcher (166)
[2018.09.20-03.20.08:068][278]LogModuleManager: Shutting down and abandoning module KismetCompiler (164)
[2018.09.20-03.20.08:068][278]LogModuleManager: Shutting down and abandoning module MeshUtilities (162)
[2018.09.20-03.20.08:079][278]LogModuleManager: Shutting down and abandoning module MeshMergeUtilities (161)
[2018.09.20-03.20.08:087][278]LogModuleManager: Shutting down and abandoning module MeshReductionInterface (160)
[2018.09.20-03.20.08:087][278]LogModuleManager: Shutting down and abandoning module SimplygonSwarm (159)
[2018.09.20-03.20.08:090][278]LogModuleManager: Shutting down and abandoning module SimplygonMeshReduction (157)
[2018.09.20-03.20.08:090][278]LogModuleManager: Shutting down and abandoning module QuadricMeshReduction (155)
[2018.09.20-03.20.08:097][278]LogModuleManager: Shutting down and abandoning module MaterialBaking (151)
[2018.09.20-03.20.08:103][278]LogModuleManager: Shutting down and abandoning module DerivedDataCache (148)
[2018.09.20-03.20.08:119][278]LogDerivedDataCache: Shutdown
[2018.09.20-03.20.08:119][278]LogModuleManager: Shutting down and abandoning module TargetPlatform (146)
[2018.09.20-03.20.08:119][278]LogModuleManager: Shutting down and abandoning module VulkanShaderFormat (145)
[2018.09.20-03.20.08:131][278]LogModuleManager: Shutting down and abandoning module ShaderFormatVectorVM (143)
[2018.09.20-03.20.08:142][278]LogModuleManager: Shutting down and abandoning module ShaderFormatOpenGL (141)
[2018.09.20-03.20.08:150][278]LogModuleManager: Shutting down and abandoning module ShaderFormatD3D (139)
[2018.09.20-03.20.08:159][278]LogModuleManager: Shutting down and abandoning module MetalShaderFormat (137)
[2018.09.20-03.20.08:169][278]LogModuleManager: Shutting down and abandoning module TextureFormatUncompressed (135)
[2018.09.20-03.20.08:169][278]LogModuleManager: Shutting down and abandoning module TextureFormatPVR (133)
[2018.09.20-03.20.08:169][278]LogModuleManager: Shutting down and abandoning module TextureFormatDXT (131)
[2018.09.20-03.20.08:169][278]LogModuleManager: Shutting down and abandoning module TextureFormatIntelISPCTexComp (129)
[2018.09.20-03.20.08:179][278]LogModuleManager: Shutting down and abandoning module TextureFormatASTC (127)
[2018.09.20-03.20.08:179][278]LogModuleManager: Shutting down and abandoning module ImageWrapper (126)
[2018.09.20-03.20.08:179][278]LogModuleManager: Shutting down and abandoning module TextureFormatAndroid (123)
[2018.09.20-03.20.08:179][278]LogModuleManager: Shutting down and abandoning module AudioFormatOpus (121)
[2018.09.20-03.20.08:179][278]LogModuleManager: Shutting down and abandoning module AudioFormatOgg (119)
[2018.09.20-03.20.08:179][278]LogModuleManager: Shutting down and abandoning module AudioFormatADPCM (117)
[2018.09.20-03.20.08:179][278]LogModuleManager: Shutting down and abandoning module LinuxTargetPlatform (115)
[2018.09.20-03.20.08:179][278]LogModuleManager: Shutting down and abandoning module LinuxServerTargetPlatform (113)
[2018.09.20-03.20.08:179][278]LogModuleManager: Shutting down and abandoning module LinuxNoEditorTargetPlatform (111)
[2018.09.20-03.20.08:179][278]LogModuleManager: Shutting down and abandoning module LinuxClientTargetPlatform (109)
[2018.09.20-03.20.08:179][278]LogModuleManager: Shutting down and abandoning module TVOSTargetPlatform (107)
[2018.09.20-03.20.08:179][278]LogModuleManager: Shutting down and abandoning module Messaging (105)
[2018.09.20-03.20.08:179][278]LogModuleManager: Shutting down and abandoning module IOSTargetPlatform (103)
[2018.09.20-03.20.08:179][278]LogModuleManager: Shutting down and abandoning module HTML5TargetPlatform (101)
[2018.09.20-03.20.08:179][278]LogModuleManager: Shutting down and abandoning module AndroidTargetPlatform (99)
[2018.09.20-03.20.08:179][278]LogModuleManager: Shutting down and abandoning module Android_PVRTCTargetPlatform (97)
[2018.09.20-03.20.08:179][278]LogModuleManager: Shutting down and abandoning module Android_MultiTargetPlatform (95)
[2018.09.20-03.20.08:179][278]LogModuleManager: Shutting down and abandoning module Android_ETC2TargetPlatform (93)
[2018.09.20-03.20.08:179][278]LogModuleManager: Shutting down and abandoning module Android_ETC1TargetPlatform (91)
[2018.09.20-03.20.08:179][278]LogModuleManager: Shutting down and abandoning module Android_DXTTargetPlatform (89)
[2018.09.20-03.20.08:179][278]LogModuleManager: Shutting down and abandoning module Android_ATCTargetPlatform (87)
[2018.09.20-03.20.08:179][278]LogModuleManager: Shutting down and abandoning module Android_ASTCTargetPlatform (85)
[2018.09.20-03.20.08:179][278]LogModuleManager: Shutting down and abandoning module WindowsTargetPlatform (83)
[2018.09.20-03.20.08:179][278]LogModuleManager: Shutting down and abandoning module WindowsServerTargetPlatform (81)
[2018.09.20-03.20.08:179][278]LogModuleManager: Shutting down and abandoning module WindowsNoEditorTargetPlatform (79)
[2018.09.20-03.20.08:179][278]LogModuleManager: Shutting down and abandoning module WindowsClientTargetPlatform (77)
[2018.09.20-03.20.08:179][278]LogModuleManager: Shutting down and abandoning module MacTargetPlatform (75)
[2018.09.20-03.20.08:179][278]LogModuleManager: Shutting down and abandoning module MacServerTargetPlatform (73)
[2018.09.20-03.20.08:179][278]LogModuleManager: Shutting down and abandoning module MacNoEditorTargetPlatform (71)
[2018.09.20-03.20.08:179][278]LogModuleManager: Shutting down and abandoning module MacClientTargetPlatform (69)
[2018.09.20-03.20.08:179][278]LogModuleManager: Shutting down and abandoning module AllDesktopTargetPlatform (67)
[2018.09.20-03.20.08:179][278]LogModuleManager: Shutting down and abandoning module InputCore (64)
[2018.09.20-03.20.08:179][278]LogModuleManager: Shutting down and abandoning module Settings (62)
[2018.09.20-03.20.08:179][278]LogModuleManager: Shutting down and abandoning module PhysXCooking (60)
[2018.09.20-03.20.08:179][278]LogModuleManager: Shutting down and abandoning module SteamVR (58)
[2018.09.20-03.20.08:179][278]LogModuleManager: Shutting down and abandoning module OculusHMD (56)
[2018.09.20-03.20.08:191][278]LogModuleManager: Shutting down and abandoning module ExampleDeviceProfileSelector (54)
[2018.09.20-03.20.08:191][278]LogModuleManager: Shutting down and abandoning module AppleARKit (52)
[2018.09.20-03.20.08:191][278]LogModuleManager: Shutting down and abandoning module AugmentedReality (51)
[2018.09.20-03.20.08:191][278]LogModuleManager: Shutting down and abandoning module OnlineBlueprintSupport (48)
[2018.09.20-03.20.08:191][278]LogModuleManager: Shutting down and abandoning module OnlineSubsystem (44)
[2018.09.20-03.20.08:218][278]LogModuleManager: Shutting down and abandoning module XMPP (43)
[2018.09.20-03.20.08:239][278]LogModuleManager: Shutting down and abandoning module HTTP (41)
[2018.09.20-03.20.08:239][278]LogHttp: Display: Http module shutting down, but needs to wait on 1 outstanding Http requests:
[2018.09.20-03.20.08:250][278]LogHttp: Display: 	verb=[POST] url=[https://datarouter.ol.epicgames.com/datarouter/api/v1/public/data?SessionID=%7BDDC7F22C-46D4-0F55-9E42-60B87579A178%7D&AppID=UEEditor.Rocket.Release&AppVersion=4.18.3-3832480%2B%2B%2BUE4%2BRelease-4.18&UserID=af8ca0ae4f0a0bdd7cb482b9d699bb65%7C3a15c16e62a1446098e2e692bc3c59ca%7Cb1f8cc83-baf7-43ae-b4ea-1c61bada90e2&AppEnvironment=datacollector-binary&UploadType=eteventstream] status=Processing
[2018.09.20-03.20.08:258][278]LogModuleManager: Shutting down and abandoning module SSL (40)
[2018.09.20-03.20.08:267][278]LogModuleManager: Shutting down and abandoning module AnimationModifiers (36)
[2018.09.20-03.20.08:289][278]LogModuleManager: Shutting down and abandoning module PropertyEditor (35)
[2018.09.20-03.20.08:289][278]LogModuleManager: Shutting down and abandoning module AudioEditor (32)
[2018.09.20-03.20.08:304][278]LogModuleManager: Shutting down and abandoning module TextureCompressor (30)
[2018.09.20-03.20.08:304][278]LogModuleManager: Shutting down and abandoning module ShaderCore (28)
[2018.09.20-03.20.08:304][278]LogModuleManager: Shutting down and abandoning module Landscape (26)
[2018.09.20-03.20.08:304][278]LogModuleManager: Shutting down and abandoning module SlateRHIRenderer (24)
[2018.09.20-03.20.08:324][278]LogModuleManager: Shutting down and abandoning module OpenGLDrv (22)
[2018.09.20-03.20.08:331][278]LogModuleManager: Shutting down and abandoning module D3D11RHI (20)
[2018.09.20-03.20.08:331][278]LogModuleManager: Shutting down and abandoning module AnimGraphRuntime (18)
[2018.09.20-03.20.08:352][278]LogModuleManager: Shutting down and abandoning module Renderer (16)
[2018.09.20-03.20.08:353][278]LogModuleManager: Shutting down and abandoning module Engine (14)
[2018.09.20-03.20.08:353][278]LogModuleManager: Shutting down and abandoning module CoreUObject (12)
[2018.09.20-03.20.08:353][278]LogModuleManager: Shutting down and abandoning module NetworkFile (10)
[2018.09.20-03.20.08:367][278]LogModuleManager: Shutting down and abandoning module CookedIterativeFile (8)
[2018.09.20-03.20.08:367][278]LogModuleManager: Shutting down and abandoning module StreamingFile (6)
[2018.09.20-03.20.08:378][278]LogModuleManager: Shutting down and abandoning module SandboxFile (4)
[2018.09.20-03.20.08:379][278]LogModuleManager: Shutting down and abandoning module PakFile (2)
[2018.09.20-03.20.08:397][278]LogExit: Exiting.
[2018.09.20-03.20.08:405][278]Log file closed, 09/19/18 23:20:08
